This is XeTeX, Version 3.141592653-2.6-0.999993 (TeX Live 2021) (preloaded format=xelatex 2021.8.24)  11 MAR 2025 16:37
entering extended mode
 restricted \write18 enabled.
 %&-line parsing enabled.
**index.tex
(./index.tex
LaTeX2e <2020-10-01> patch level 4
L3 programming layer <2021-02-18> (/usr/local/texlive/2021/texmf-dist/tex/latex
/koma-script/scrreprt.cls
Document Class: scrreprt 2021/03/17 v3.33 KOMA-Script document class (report)
(/usr/local/texlive/2021/texmf-dist/tex/latex/koma-script/scrkbase.sty
Package: scrkbase 2021/03/17 v3.33 KOMA-Script package (KOMA-Script-dependent b
asics and keyval usage)
(/usr/local/texlive/2021/texmf-dist/tex/latex/koma-script/scrbase.sty
Package: scrbase 2021/03/17 v3.33 KOMA-Script package (KOMA-Script-independent 
basics and keyval usage)
(/usr/local/texlive/2021/texmf-dist/tex/latex/koma-script/scrlfile.sty
Package: scrlfile 2021/03/17 v3.33 KOMA-Script package (file load hooks)
(/usr/local/texlive/2021/texmf-dist/tex/latex/koma-script/scrlfile-hook.sty
Package: scrlfile-hook 2021/03/17 v3.33 KOMA-Script package (using LaTeX hooks)


LaTeX3 Info: Defining command \BeforeFile with sig. 'm' on line 61.


LaTeX3 Info: Defining command \AfterFile with sig. 'm' on line 65.


LaTeX3 Info: Defining command \BeforeClass with sig. 'm' on line 69.


LaTeX3 Info: Defining command \BeforePackage with sig. 'm' on line 73.


LaTeX3 Info: Defining command \AfterAtEndOfClass with sig. 'smo+m' on line 83.


LaTeX3 Info: Defining command \AfterAtEndOfPackage with sig. 'smo+m' on line
(LaTeX3)     93.


LaTeX3 Info: Defining command \scrlfile@AfterClass with sig. 'smo+m' on line
(LaTeX3)     173.


LaTeX3 Info: Defining command \AfterClass with sig. '' on line 174.


LaTeX3 Info: Defining command \scrlfile@AfterPackage with sig. 'smo+m' on line
(LaTeX3)     191.


LaTeX3 Info: Defining command \AfterPackage with sig. '' on line 192.


LaTeX3 Info: Defining command \ReplaceInput with sig. '' on line 193.


LaTeX3 Info: Defining command \ReplaceClass with sig. 'mm' on line 196.


LaTeX3 Info: Defining command \ReplacePackage with sig. 'mm' on line 199.


LaTeX3 Info: Defining command \UnReplaceInput with sig. '' on line 200.


LaTeX3 Info: Defining command \UnReplaceClass with sig. 'm' on line 203.


LaTeX3 Info: Defining command \UnReplacePackage with sig. 'mm' on line 206.


LaTeX3 Info: Defining command \PreventPackageFromLoading with sig. 's+om' on
(LaTeX3)     line 234.


LaTeX3 Info: Defining command \StorePreventPackageFromLoading with sig. 'm' on
(LaTeX3)     line 242.


LaTeX3 Info: Defining command \ResetPreventPackageFromLoading with sig. '' on
(LaTeX3)     line 247.


LaTeX3 Info: Defining command \UnPreventPackageFromLoading with sig. 'sm' on
(LaTeX3)     line 261.


LaTeX3 Info: Defining command \BeforeClosingMainAux with sig. 'om' on line
(LaTeX3)     274.


LaTeX3 Info: Defining command \AfterReadingMainAux with sig. 'om' on line 287.


LaTeX3 Info: Defining command \protected@immediate@write with sig. 'm+m+m' on
(LaTeX3)     line 298.

(/usr/local/texlive/2021/texmf-dist/tex/latex/koma-script/scrlogo.sty
Package: scrlogo 2021/03/17 v3.33 KOMA-Script package (logo)
))) (/usr/local/texlive/2021/texmf-dist/tex/latex/graphics/keyval.sty
Package: keyval 2014/10/28 v1.15 key=value parser (DPC)
\KV@toks@=\toks15
)
Skipping: [2021/05/01] Usage of raw option list on input line 252.
Applying: [0000/00/00] compatibility for LaTeX before 2021/05/01 on input line 
337.
)) (/usr/local/texlive/2021/texmf-dist/tex/latex/koma-script/tocbasic.sty
Package: tocbasic 2021/03/17 v3.33 KOMA-Script package (handling toc-files)
\scr@dte@tocline@numberwidth=\skip47
\scr@dte@tocline@numbox=\box47
)
Package tocbasic Info: babel extension for `toc' omitted
(tocbasic)             because of missing \bbl@set@language on input line 137.
Class scrreprt Info: File `scrsize11pt.clo' used instead of
(scrreprt)           file `scrsize11.clo' to setup font sizes on input line 245
1.
(/usr/local/texlive/2021/texmf-dist/tex/latex/koma-script/scrsize11pt.clo
File: scrsize11pt.clo 2021/03/17 v3.33 KOMA-Script font size class option (11pt
)
) (/usr/local/texlive/2021/texmf-dist/tex/latex/koma-script/typearea.sty
Package: typearea 2021/03/17 v3.33 KOMA-Script package (type area)
\ta@bcor=\skip48
\ta@div=\count175
Package typearea Info: You've used standard option `letterpaper'.
(typearea)             This is correct!
(typearea)             Internally I'm using `paper=letter'.
(typearea)             If you'd like to set the option with \KOMAoptions,
(typearea)             you'd have to use `paper=letter' there
(typearea)             instead of `letterpaper', too.
\ta@hblk=\skip49
\ta@vblk=\skip50
\ta@temp=\skip51
\footheight=\skip52
Package typearea Info: These are the values describing the layout:
(typearea)             DIV  = 11
(typearea)             BCOR = 0.0pt
(typearea)             \paperwidth      = 614.295pt
(typearea)              \textwidth      = 446.76004pt
(typearea)              DIV departure   = -14%
(typearea)              \evensidemargin = 11.49748pt
(typearea)              \oddsidemargin  = 11.49748pt
(typearea)             \paperheight     = 794.96999pt
(typearea)              \textheight     = 582.20026pt
(typearea)              \topmargin      = -37.40001pt
(typearea)              \headheight     = 17.0pt
(typearea)              \headsep        = 20.40001pt
(typearea)              \topskip        = 11.0pt
(typearea)              \footskip       = 47.6pt
(typearea)              \baselineskip   = 13.6pt
(typearea)              on input line 1741.
)
\c@part=\count176
\c@chapter=\count177
\c@section=\count178
\c@subsection=\count179
\c@subsubsection=\count180
\c@paragraph=\count181
\c@subparagraph=\count182
\scr@dte@chapter@maxnumwidth=\skip53
Class scrreprt Info: using compatibility default `afterindent=bysign'
(scrreprt)           for `\chapter on input line 5678.
\scr@dte@section@maxnumwidth=\skip54
Class scrreprt Info: using compatibility default `runin=bysign'
(scrreprt)           for `\section on input line 5689.
Class scrreprt Info: using compatibility default `afterindent=bysign'
(scrreprt)           for `\section on input line 5689.
\scr@dte@part@maxnumwidth=\skip55
Class scrreprt Info: using compatibility default `afterindent=true'
(scrreprt)           for `\part on input line 5698.
\scr@dte@subsection@maxnumwidth=\skip56
Class scrreprt Info: using compatibility default `runin=bysign'
(scrreprt)           for `\subsection on input line 5708.
Class scrreprt Info: using compatibility default `afterindent=bysign'
(scrreprt)           for `\subsection on input line 5708.
\scr@dte@subsubsection@maxnumwidth=\skip57
Class scrreprt Info: using compatibility default `runin=bysign'
(scrreprt)           for `\subsubsection on input line 5718.
Class scrreprt Info: using compatibility default `afterindent=bysign'
(scrreprt)           for `\subsubsection on input line 5718.
\scr@dte@paragraph@maxnumwidth=\skip58
Class scrreprt Info: using compatibility default `runin=bysign'
(scrreprt)           for `\paragraph on input line 5729.
Class scrreprt Info: using compatibility default `afterindent=bysign'
(scrreprt)           for `\paragraph on input line 5729.
\scr@dte@subparagraph@maxnumwidth=\skip59
Class scrreprt Info: using compatibility default `runin=bysign'
(scrreprt)           for `\subparagraph on input line 5739.
Class scrreprt Info: using compatibility default `afterindent=bysign'
(scrreprt)           for `\subparagraph on input line 5739.
\abovecaptionskip=\skip60
\belowcaptionskip=\skip61
\c@pti@nb@sid@b@x=\box48
Package tocbasic Info: babel extension for `lof' omitted
(tocbasic)             because of missing \bbl@set@language on input line 6976.

\scr@dte@figure@maxnumwidth=\skip62
\c@figure=\count183
Package tocbasic Info: babel extension for `lot' omitted
(tocbasic)             because of missing \bbl@set@language on input line 6993.

\scr@dte@table@maxnumwidth=\skip63
\c@table=\count184
Class scrreprt Info: Redefining `\numberline' on input line 7162.
\bibindent=\dimen138
) (/usr/local/texlive/2021/texmf-dist/tex/latex/amsmath/amsmath.sty
Package: amsmath 2020/09/23 v2.17i AMS math features
\@mathmargin=\skip64
For additional information on amsmath, use the `?' option.
(/usr/local/texlive/2021/texmf-dist/tex/latex/amsmath/amstext.sty
Package: amstext 2000/06/29 v2.01 AMS text
(/usr/local/texlive/2021/texmf-dist/tex/latex/amsmath/amsgen.sty
File: amsgen.sty 1999/11/30 v2.0 generic functions
\@emptytoks=\toks16
\ex@=\dimen139
)) (/usr/local/texlive/2021/texmf-dist/tex/latex/amsmath/amsbsy.sty
Package: amsbsy 1999/11/29 v1.2d Bold Symbols
\pmbraise@=\dimen140
) (/usr/local/texlive/2021/texmf-dist/tex/latex/amsmath/amsopn.sty
Package: amsopn 2016/03/08 v2.02 operator names
)
\inf@bad=\count185
LaTeX Info: Redefining \frac on input line 234.
\uproot@=\count186
\leftroot@=\count187
LaTeX Info: Redefining \overline on input line 399.
\classnum@=\count188
\DOTSCASE@=\count189
LaTeX Info: Redefining \ldots on input line 496.
LaTeX Info: Redefining \dots on input line 499.
LaTeX Info: Redefining \cdots on input line 620.
\Mathstrutbox@=\box49
\strutbox@=\box50
\big@size=\dimen141
LaTeX Font Info:    Redeclaring font encoding OML on input line 743.
LaTeX Font Info:    Redeclaring font encoding OMS on input line 744.
\macc@depth=\count190
\c@MaxMatrixCols=\count191
\dotsspace@=\muskip16
\c@parentequation=\count192
\dspbrk@lvl=\count193
\tag@help=\toks17
\row@=\count194
\column@=\count195
\maxfields@=\count196
\andhelp@=\toks18
\eqnshift@=\dimen142
\alignsep@=\dimen143
\tagshift@=\dimen144
\tagwidth@=\dimen145
\totwidth@=\dimen146
\lineht@=\dimen147
\@envbody=\toks19
\multlinegap=\skip65
\multlinetaggap=\skip66
\mathdisplay@stack=\toks20
LaTeX Info: Redefining \[ on input line 2923.
LaTeX Info: Redefining \] on input line 2924.
) (/usr/local/texlive/2021/texmf-dist/tex/latex/amsfonts/amssymb.sty
Package: amssymb 2013/01/14 v3.01 AMS font symbols
(/usr/local/texlive/2021/texmf-dist/tex/latex/amsfonts/amsfonts.sty
Package: amsfonts 2013/01/14 v3.01 Basic AMSFonts support
\symAMSa=\mathgroup4
\symAMSb=\mathgroup5
LaTeX Font Info:    Redeclaring math symbol \hbar on input line 98.
LaTeX Font Info:    Overwriting math alphabet `\mathfrak' in version `bold'
(Font)                  U/euf/m/n --> U/euf/b/n on input line 106.
)) (/usr/local/texlive/2021/texmf-dist/tex/generic/iftex/iftex.sty
Package: iftex 2020/03/06 v1.0d TeX engine tests
) (/usr/local/texlive/2021/texmf-dist/tex/latex/unicode-math/unicode-math.sty (
/usr/local/texlive/2021/texmf-dist/tex/latex/l3kernel/expl3.sty
Package: expl3 2021-02-18 L3 programming layer (loader) 
(/usr/local/texlive/2021/texmf-dist/tex/latex/l3backend/l3backend-xetex.def
File: l3backend-xetex.def 2021-03-18 L3 backend support: XeTeX
(|extractbb --version)
\c__kernel_sys_dvipdfmx_version_int=\count197
\l__color_backend_stack_int=\count198
\g__color_backend_stack_int=\count199
\g__graphics_track_int=\count266
\l__pdf_internal_box=\box51
\g__pdf_backend_object_int=\count267
\g__pdf_backend_annotation_int=\count268
\g__pdf_backend_link_int=\count269
))
Package: unicode-math 2020/01/31 v0.8q Unicode maths in XeLaTeX and LuaLaTeX

(/usr/local/texlive/2021/texmf-dist/tex/latex/unicode-math/unicode-math-xetex.s
ty
Package: unicode-math-xetex 2020/01/31 v0.8q Unicode maths in XeLaTeX and LuaLa
TeX
(/usr/local/texlive/2021/texmf-dist/tex/latex/l3packages/xparse/xparse.sty
(/usr/local/texlive/2021/texmf-dist/tex/latex/l3packages/xparse/xparse-2020-10-
01.sty
(/usr/local/texlive/2021/texmf-dist/tex/latex/l3packages/xparse/xparse-generic.
tex))) (/usr/local/texlive/2021/texmf-dist/tex/latex/l3packages/l3keys2e/l3keys
2e.sty
Package: l3keys2e 2021-03-12 LaTeX2e option processing using LaTeX3 keys
) (/usr/local/texlive/2021/texmf-dist/tex/latex/fontspec/fontspec.sty
Package: fontspec 2020/02/21 v2.7i Font selection for XeLaTeX and LuaLaTeX
(/usr/local/texlive/2021/texmf-dist/tex/latex/fontspec/fontspec-xetex.sty
Package: fontspec-xetex 2020/02/21 v2.7i Font selection for XeLaTeX and LuaLaTe
X
\l__fontspec_script_int=\count270
\l__fontspec_language_int=\count271
\l__fontspec_strnum_int=\count272
\l__fontspec_tmp_int=\count273
\l__fontspec_tmpa_int=\count274
\l__fontspec_tmpb_int=\count275
\l__fontspec_tmpc_int=\count276
\l__fontspec_em_int=\count277
\l__fontspec_emdef_int=\count278
\l__fontspec_strong_int=\count279
\l__fontspec_strongdef_int=\count280
\l__fontspec_tmpa_dim=\dimen148
\l__fontspec_tmpb_dim=\dimen149
\l__fontspec_tmpc_dim=\dimen150
(/usr/local/texlive/2021/texmf-dist/tex/latex/base/fontenc.sty
Package: fontenc 2020/08/10 v2.0s Standard LaTeX package
) (/usr/local/texlive/2021/texmf-dist/tex/latex/fontspec/fontspec.cfg))) (/usr/
local/texlive/2021/texmf-dist/tex/latex/base/fix-cm.sty
Package: fix-cm 2015/01/14 v1.1t fixes to LaTeX
(/usr/local/texlive/2021/texmf-dist/tex/latex/base/ts1enc.def
File: ts1enc.def 2001/06/05 v3.0e (jk/car/fm) Standard LaTeX file
LaTeX Font Info:    Redeclaring font encoding TS1 on input line 47.
))
\g__um_fam_int=\count281
\g__um_fonts_used_int=\count282
\l__um_primecount_int=\count283
\g__um_primekern_muskip=\muskip17

(/usr/local/texlive/2021/texmf-dist/tex/latex/unicode-math/unicode-math-table.t
ex))) (/usr/local/texlive/2021/texmf-dist/tex/latex/lm/lmodern.sty
Package: lmodern 2015/05/01 v1.6.1 Latin Modern Fonts
LaTeX Font Info:    Overwriting symbol font `operators' in version `normal'
(Font)                  OT1/cmr/m/n --> OT1/lmr/m/n on input line 22.
LaTeX Font Info:    Overwriting symbol font `letters' in version `normal'
(Font)                  OML/cmm/m/it --> OML/lmm/m/it on input line 23.
LaTeX Font Info:    Overwriting symbol font `symbols' in version `normal'
(Font)                  OMS/cmsy/m/n --> OMS/lmsy/m/n on input line 24.
LaTeX Font Info:    Overwriting symbol font `largesymbols' in version `normal'
(Font)                  OMX/cmex/m/n --> OMX/lmex/m/n on input line 25.
LaTeX Font Info:    Overwriting symbol font `operators' in version `bold'
(Font)                  OT1/cmr/bx/n --> OT1/lmr/bx/n on input line 26.
LaTeX Font Info:    Overwriting symbol font `letters' in version `bold'
(Font)                  OML/cmm/b/it --> OML/lmm/b/it on input line 27.
LaTeX Font Info:    Overwriting symbol font `symbols' in version `bold'
(Font)                  OMS/cmsy/b/n --> OMS/lmsy/b/n on input line 28.
LaTeX Font Info:    Overwriting symbol font `largesymbols' in version `bold'
(Font)                  OMX/cmex/m/n --> OMX/lmex/m/n on input line 29.
LaTeX Font Info:    Overwriting math alphabet `\mathbf' in version `normal'
(Font)                  OT1/cmr/bx/n --> OT1/lmr/bx/n on input line 31.
LaTeX Font Info:    Overwriting math alphabet `\mathsf' in version `normal'
(Font)                  OT1/cmss/m/n --> OT1/lmss/m/n on input line 32.
LaTeX Font Info:    Overwriting math alphabet `\mathit' in version `normal'
(Font)                  OT1/cmr/m/it --> OT1/lmr/m/it on input line 33.
LaTeX Font Info:    Overwriting math alphabet `\mathtt' in version `normal'
(Font)                  OT1/cmtt/m/n --> OT1/lmtt/m/n on input line 34.
LaTeX Font Info:    Overwriting math alphabet `\mathbf' in version `bold'
(Font)                  OT1/cmr/bx/n --> OT1/lmr/bx/n on input line 35.
LaTeX Font Info:    Overwriting math alphabet `\mathsf' in version `bold'
(Font)                  OT1/cmss/bx/n --> OT1/lmss/bx/n on input line 36.
LaTeX Font Info:    Overwriting math alphabet `\mathit' in version `bold'
(Font)                  OT1/cmr/bx/it --> OT1/lmr/bx/it on input line 37.
LaTeX Font Info:    Overwriting math alphabet `\mathtt' in version `bold'
(Font)                  OT1/cmtt/m/n --> OT1/lmtt/m/n on input line 38.
) (/usr/local/texlive/2021/texmf-dist/tex/latex/upquote/upquote.sty
Package: upquote 2012/04/19 v1.3 upright-quote and grave-accent glyphs in verba
tim
(/usr/local/texlive/2021/texmf-dist/tex/latex/base/textcomp.sty
Package: textcomp 2020/02/02 v2.0n Standard LaTeX package
)) (/usr/local/texlive/2021/texmf-dist/tex/latex/microtype/microtype.sty
Package: microtype 2021/03/14 v2.8c Micro-typographical refinements (RS)
\MT@toks=\toks21
\MT@count=\count284
LaTeX Info: Redefining \textls on input line 790.
\MT@outer@kern=\dimen151
LaTeX Info: Redefining \textmicrotypecontext on input line 1374.
\MT@listname@count=\count285
(/usr/local/texlive/2021/texmf-dist/tex/latex/microtype/microtype-xetex.def
File: microtype-xetex.def 2021/03/14 v2.8c Definitions specific to xetex (RS)
LaTeX Info: Redefining \lsstyle on input line 254.
)
Package microtype Info: Loading configuration file microtype.cfg.
(/usr/local/texlive/2021/texmf-dist/tex/latex/microtype/microtype.cfg
File: microtype.cfg 2021/03/14 v2.8c microtype main configuration file (RS)
)) (/usr/local/texlive/2021/texmf-dist/tex/latex/xcolor/xcolor.sty
Package: xcolor 2016/05/11 v2.12 LaTeX color extensions (UK)
(/usr/local/texlive/2021/texmf-dist/tex/latex/graphics-cfg/color.cfg
File: color.cfg 2016/01/02 v1.6 sample color configuration
)
Package xcolor Info: Driver file: xetex.def on input line 225.
(/usr/local/texlive/2021/texmf-dist/tex/latex/graphics-def/xetex.def
File: xetex.def 2021/03/18 v5.0k Graphics/color driver for xetex
)
Package xcolor Info: Model `cmy' substituted by `cmy0' on input line 1348.
Package xcolor Info: Model `RGB' extended on input line 1364.
Package xcolor Info: Model `HTML' substituted by `rgb' on input line 1366.
Package xcolor Info: Model `Hsb' substituted by `hsb' on input line 1367.
Package xcolor Info: Model `tHsb' substituted by `hsb' on input line 1368.
Package xcolor Info: Model `HSB' substituted by `hsb' on input line 1369.
Package xcolor Info: Model `Gray' substituted by `gray' on input line 1370.
Package xcolor Info: Model `wave' substituted by `hsb' on input line 1371.
(/usr/local/texlive/2021/texmf-dist/tex/latex/graphics/dvipsnam.def
File: dvipsnam.def 2016/06/17 v3.0m Driver-dependent file (DPC,SPQR)
) (/usr/local/texlive/2021/texmf-dist/tex/latex/xcolor/svgnam.def
File: svgnam.def 2016/05/11 v2.12 Predefined colors according to SVG 1.1 (UK)
) (/usr/local/texlive/2021/texmf-dist/tex/latex/xcolor/x11nam.def
File: x11nam.def 2016/05/11 v2.12 Predefined colors according to Unix/X11 (UK)
)) (/usr/local/texlive/2021/texmf-dist/tex/latex/fancyvrb/fancyvrb.sty
Package: fancyvrb 2021/01/20 v3.7 verbatim text (tvz,hv)
\FV@CodeLineNo=\count286
\FV@InFile=\read2
\FV@TabBox=\box52
\c@FancyVerbLine=\count287
\FV@StepNumber=\count288
\FV@OutFile=\write3
) (/usr/local/texlive/2021/texmf-dist/tex/latex/framed/framed.sty
Package: framed 2011/10/22 v 0.96: framed or shaded text with page breaks
\OuterFrameSep=\skip67
\fb@frw=\dimen152
\fb@frh=\dimen153
\FrameRule=\dimen154
\FrameSep=\dimen155
) (/usr/local/texlive/2021/texmf-dist/tex/latex/tools/longtable.sty
Package: longtable 2020/01/07 v4.13 Multi-page Table package (DPC)
\LTleft=\skip68
\LTright=\skip69
\LTpre=\skip70
\LTpost=\skip71
\LTchunksize=\count289
\LTcapwidth=\dimen156
\LT@head=\box53
\LT@firsthead=\box54
\LT@foot=\box55
\LT@lastfoot=\box56
\LT@cols=\count290
\LT@rows=\count291
\c@LT@tables=\count292
\c@LT@chunks=\count293
\LT@p@ftn=\toks22
)
Class scrreprt Info: longtable captions redefined on input line 112.
(/usr/local/texlive/2021/texmf-dist/tex/latex/booktabs/booktabs.sty
Package: booktabs 2020/01/12 v1.61803398 Publication quality tables
\heavyrulewidth=\dimen157
\lightrulewidth=\dimen158
\cmidrulewidth=\dimen159
\belowrulesep=\dimen160
\belowbottomsep=\dimen161
\aboverulesep=\dimen162
\abovetopsep=\dimen163
\cmidrulesep=\dimen164
\cmidrulekern=\dimen165
\defaultaddspace=\dimen166
\@cmidla=\count294
\@cmidlb=\count295
\@aboverulesep=\dimen167
\@belowrulesep=\dimen168
\@thisruleclass=\count296
\@lastruleclass=\count297
\@thisrulewidth=\dimen169
) (/usr/local/texlive/2021/texmf-dist/tex/latex/tools/array.sty
Package: array 2020/10/01 v2.5c Tabular extension package (FMi)
\col@sep=\dimen170
\ar@mcellbox=\box57
\extrarowheight=\dimen171
\NC@list=\toks23
\extratabsurround=\skip72
\backup@length=\skip73
\ar@cellbox=\box58
) (/usr/local/texlive/2021/texmf-dist/tex/latex/tools/calc.sty
Package: calc 2017/05/25 v4.3 Infix arithmetic (KKT,FJ)
\calc@Acount=\count298
\calc@Bcount=\count299
\calc@Adimen=\dimen172
\calc@Bdimen=\dimen173
\calc@Askip=\skip74
\calc@Bskip=\skip75
LaTeX Info: Redefining \setlength on input line 80.
LaTeX Info: Redefining \addtolength on input line 81.
\calc@Ccount=\count300
\calc@Cskip=\skip76
) (/usr/local/texlive/2021/texmf-dist/tex/latex/etoolbox/etoolbox.sty
Package: etoolbox 2020/10/05 v2.5k e-TeX tools for LaTeX (JAW)
\etb@tempcnta=\count301
) (/usr/local/texlive/2021/texmf-dist/tex/latex/footnotehyper/footnotehyper.sty
Package: footnotehyper 2021/02/04 v1.1d hyperref aware footnote.sty (JFB)
\FNH@notes=\box59
\FNH@width=\dimen174
\FNH@toks=\toks24
) (/usr/local/texlive/2021/texmf-dist/tex/latex/graphics/graphicx.sty
Package: graphicx 2020/09/09 v1.2b Enhanced LaTeX Graphics (DPC,SPQR)
(/usr/local/texlive/2021/texmf-dist/tex/latex/graphics/graphics.sty
Package: graphics 2020/08/30 v1.4c Standard LaTeX Graphics (DPC,SPQR)
(/usr/local/texlive/2021/texmf-dist/tex/latex/graphics/trig.sty
Package: trig 2016/01/03 v1.10 sin cos tan (DPC)
) (/usr/local/texlive/2021/texmf-dist/tex/latex/graphics-cfg/graphics.cfg
File: graphics.cfg 2016/06/04 v1.11 sample graphics configuration
)
Package graphics Info: Driver file: xetex.def on input line 105.
)
\Gin@req@height=\dimen175
\Gin@req@width=\dimen176
) (/usr/local/texlive/2021/texmf-dist/tex/latex/multirow/multirow.sty
Package: multirow 2021/03/15 v2.8 Span multiple rows of a table
\multirow@colwidth=\skip77
\multirow@cntb=\count302
\multirow@dima=\skip78
\bigstrutjot=\dimen177
) (/usr/local/texlive/2021/texmf-dist/tex/latex/wrapfig/wrapfig.sty
\wrapoverhang=\dimen178
\WF@size=\dimen179
\c@WF@wrappedlines=\count303
\WF@box=\box60
\WF@everypar=\toks25
Package: wrapfig 2003/01/31  v 3.6
) (/usr/local/texlive/2021/texmf-dist/tex/latex/float/float.sty
Package: float 2001/11/08 v1.3d Float enhancements (AL)
\c@float@type=\count304
\float@exts=\toks26
\float@box=\box61
\@float@everytoks=\toks27
\@floatcapt=\box62
) (/usr/local/texlive/2021/texmf-dist/tex/latex/colortbl/colortbl.sty
Package: colortbl 2020/01/04 v1.0e Color table columns (DPC)
\everycr=\toks28
\minrowclearance=\skip79
) (/usr/local/texlive/2021/texmf-dist/tex/latex/pdflscape/pdflscape.sty
Package: pdflscape 2019/12/05 v0.12 Display of landscape pages in PDF (HO)
(/usr/local/texlive/2021/texmf-dist/tex/latex/graphics/lscape.sty
Package: lscape 2020/05/28 v3.02 Landscape Pages (DPC)
)
Package pdflscape Info: Auto-detected driver: dvipdfm (xetex) on input line 98.

(/usr/local/texlive/2021/texmf-dist/tex/latex/base/atbegshi-ltx.sty
Package: atbegshi-ltx 2020/08/17 v1.0a Emulation of the original atbegshi packa
ge
with kernel methods
)) (/usr/local/texlive/2021/texmf-dist/tex/latex/tabu/tabu.sty
Package: tabu 2019/01/11 v2.9 - flexible LaTeX tabulars (FC+tabu-fixed)
(/usr/local/texlive/2021/texmf-dist/tex/latex/varwidth/varwidth.sty
Package: varwidth 2009/03/30 ver 0.92;  Variable-width minipages
\@vwid@box=\box63
\sift@deathcycles=\count305
\@vwid@loff=\dimen180
\@vwid@roff=\dimen181
)
\c@taburow=\count306
\tabu@nbcols=\count307
\tabu@cnt=\count308
\tabu@Xcol=\count309
\tabu@alloc=\count310
\tabu@nested=\count311
\tabu@target=\dimen182
\tabu@spreadtarget=\dimen183
\tabu@naturalX=\dimen184
\tabucolX=\dimen185
\tabu@Xsum=\dimen186
\extrarowdepth=\dimen187
\abovetabulinesep=\dimen188
\belowtabulinesep=\dimen189
\tabustrutrule=\dimen190
\tabu@thebody=\toks29
\tabu@footnotes=\toks30
\tabu@box=\box64
\tabu@arstrutbox=\box65
\tabu@hleads=\box66
\tabu@vleads=\box67
\tabu@cellskip=\skip80
)
(/usr/local/texlive/2021/texmf-dist/tex/latex/threeparttable/threeparttable.sty
Package: threeparttable 2003/06/13  v 3.0
\@tempboxb=\box68
)
(/usr/local/texlive/2021/texmf-dist/tex/latex/threeparttablex/threeparttablex.s
ty
Package: threeparttablex 2013/07/23 v0.3 by daleif
(/usr/local/texlive/2021/texmf-dist/tex/latex/environ/environ.sty
Package: environ 2014/05/04 v0.3 A new way to define environments
(/usr/local/texlive/2021/texmf-dist/tex/latex/trimspaces/trimspaces.sty
Package: trimspaces 2009/09/17 v1.1 Trim spaces around a token list
))
\TPTL@width=\skip81
) (/usr/local/texlive/2021/texmf-dist/tex/generic/ulem/ulem.sty
\UL@box=\box69
\UL@hyphenbox=\box70
\UL@skip=\skip82
\UL@hook=\toks31
\UL@height=\dimen191
\UL@pe=\count312
\UL@pixel=\dimen192
\ULC@box=\box71
Package: ulem 2019/11/18
\ULdepth=\dimen193
) (/usr/local/texlive/2021/texmf-dist/tex/latex/makecell/makecell.sty
Package: makecell 2009/08/03 V0.1e Managing of Tab Column Heads and Cells
\rotheadsize=\dimen194
\c@nlinenum=\count313
\TeXr@lab=\toks32
) (/usr/local/texlive/2021/texmf-dist/tex/latex/tcolorbox/tcolorbox.sty
Package: tcolorbox 2020/10/09 version 4.42 text color boxes
(/usr/local/texlive/2021/texmf-dist/tex/latex/pgf/basiclayer/pgf.sty (/usr/loca
l/texlive/2021/texmf-dist/tex/latex/pgf/utilities/pgfrcs.sty
(/usr/local/texlive/2021/texmf-dist/tex/generic/pgf/utilities/pgfutil-common.te
x
\pgfutil@everybye=\toks33
\pgfutil@tempdima=\dimen195
\pgfutil@tempdimb=\dimen196

(/usr/local/texlive/2021/texmf-dist/tex/generic/pgf/utilities/pgfutil-common-li
sts.tex))
(/usr/local/texlive/2021/texmf-dist/tex/generic/pgf/utilities/pgfutil-latex.def
\pgfutil@abb=\box72
) (/usr/local/texlive/2021/texmf-dist/tex/generic/pgf/utilities/pgfrcs.code.tex
(/usr/local/texlive/2021/texmf-dist/tex/generic/pgf/pgf.revision.tex)
Package: pgfrcs 2020/12/27 v3.1.8b (3.1.8b)
))
Package: pgf 2020/12/27 v3.1.8b (3.1.8b)
(/usr/local/texlive/2021/texmf-dist/tex/latex/pgf/basiclayer/pgfcore.sty (/usr/
local/texlive/2021/texmf-dist/tex/latex/pgf/systemlayer/pgfsys.sty
(/usr/local/texlive/2021/texmf-dist/tex/generic/pgf/systemlayer/pgfsys.code.tex
Package: pgfsys 2020/12/27 v3.1.8b (3.1.8b)
(/usr/local/texlive/2021/texmf-dist/tex/generic/pgf/utilities/pgfkeys.code.tex
\pgfkeys@pathtoks=\toks34
\pgfkeys@temptoks=\toks35

(/usr/local/texlive/2021/texmf-dist/tex/generic/pgf/utilities/pgfkeysfiltered.c
ode.tex
\pgfkeys@tmptoks=\toks36
))
\pgf@x=\dimen197
\pgf@y=\dimen198
\pgf@xa=\dimen199
\pgf@ya=\dimen256
\pgf@xb=\dimen257
\pgf@yb=\dimen258
\pgf@xc=\dimen259
\pgf@yc=\dimen260
\pgf@xd=\dimen261
\pgf@yd=\dimen262
\w@pgf@writea=\write4
\r@pgf@reada=\read3
\c@pgf@counta=\count314
\c@pgf@countb=\count315
\c@pgf@countc=\count316
\c@pgf@countd=\count317
\t@pgf@toka=\toks37
\t@pgf@tokb=\toks38
\t@pgf@tokc=\toks39
\pgf@sys@id@count=\count318
(/usr/local/texlive/2021/texmf-dist/tex/generic/pgf/systemlayer/pgf.cfg
File: pgf.cfg 2020/12/27 v3.1.8b (3.1.8b)
)
Driver file for pgf: pgfsys-xetex.def

(/usr/local/texlive/2021/texmf-dist/tex/generic/pgf/systemlayer/pgfsys-xetex.de
f
File: pgfsys-xetex.def 2020/12/27 v3.1.8b (3.1.8b)

(/usr/local/texlive/2021/texmf-dist/tex/generic/pgf/systemlayer/pgfsys-dvipdfmx
.def
File: pgfsys-dvipdfmx.def 2020/12/27 v3.1.8b (3.1.8b)

(/usr/local/texlive/2021/texmf-dist/tex/generic/pgf/systemlayer/pgfsys-common-p
df.def
File: pgfsys-common-pdf.def 2020/12/27 v3.1.8b (3.1.8b)
)
\pgfsys@objnum=\count319
)))
(/usr/local/texlive/2021/texmf-dist/tex/generic/pgf/systemlayer/pgfsyssoftpath.
code.tex
File: pgfsyssoftpath.code.tex 2020/12/27 v3.1.8b (3.1.8b)
\pgfsyssoftpath@smallbuffer@items=\count320
\pgfsyssoftpath@bigbuffer@items=\count321
)
(/usr/local/texlive/2021/texmf-dist/tex/generic/pgf/systemlayer/pgfsysprotocol.
code.tex
File: pgfsysprotocol.code.tex 2020/12/27 v3.1.8b (3.1.8b)
))
(/usr/local/texlive/2021/texmf-dist/tex/generic/pgf/basiclayer/pgfcore.code.tex
Package: pgfcore 2020/12/27 v3.1.8b (3.1.8b)
(/usr/local/texlive/2021/texmf-dist/tex/generic/pgf/math/pgfmath.code.tex (/usr
/local/texlive/2021/texmf-dist/tex/generic/pgf/math/pgfmathcalc.code.tex (/usr/
local/texlive/2021/texmf-dist/tex/generic/pgf/math/pgfmathutil.code.tex)
(/usr/local/texlive/2021/texmf-dist/tex/generic/pgf/math/pgfmathparser.code.tex
\pgfmath@dimen=\dimen263
\pgfmath@count=\count322
\pgfmath@box=\box73
\pgfmath@toks=\toks40
\pgfmath@stack@operand=\toks41
\pgfmath@stack@operation=\toks42
)
(/usr/local/texlive/2021/texmf-dist/tex/generic/pgf/math/pgfmathfunctions.code.
tex
(/usr/local/texlive/2021/texmf-dist/tex/generic/pgf/math/pgfmathfunctions.basic
.code.tex)
(/usr/local/texlive/2021/texmf-dist/tex/generic/pgf/math/pgfmathfunctions.trigo
nometric.code.tex)
(/usr/local/texlive/2021/texmf-dist/tex/generic/pgf/math/pgfmathfunctions.rando
m.code.tex)
(/usr/local/texlive/2021/texmf-dist/tex/generic/pgf/math/pgfmathfunctions.compa
rison.code.tex)
(/usr/local/texlive/2021/texmf-dist/tex/generic/pgf/math/pgfmathfunctions.base.
code.tex)
(/usr/local/texlive/2021/texmf-dist/tex/generic/pgf/math/pgfmathfunctions.round
.code.tex)
(/usr/local/texlive/2021/texmf-dist/tex/generic/pgf/math/pgfmathfunctions.misc.
code.tex)
(/usr/local/texlive/2021/texmf-dist/tex/generic/pgf/math/pgfmathfunctions.integ
erarithmetics.code.tex))) (/usr/local/texlive/2021/texmf-dist/tex/generic/pgf/m
ath/pgfmathfloat.code.tex
\c@pgfmathroundto@lastzeros=\count323
)) (/usr/local/texlive/2021/texmf-dist/tex/generic/pgf/math/pgfint.code.tex)
(/usr/local/texlive/2021/texmf-dist/tex/generic/pgf/basiclayer/pgfcorepoints.co
de.tex
File: pgfcorepoints.code.tex 2020/12/27 v3.1.8b (3.1.8b)
\pgf@picminx=\dimen264
\pgf@picmaxx=\dimen265
\pgf@picminy=\dimen266
\pgf@picmaxy=\dimen267
\pgf@pathminx=\dimen268
\pgf@pathmaxx=\dimen269
\pgf@pathminy=\dimen270
\pgf@pathmaxy=\dimen271
\pgf@xx=\dimen272
\pgf@xy=\dimen273
\pgf@yx=\dimen274
\pgf@yy=\dimen275
\pgf@zx=\dimen276
\pgf@zy=\dimen277
)
(/usr/local/texlive/2021/texmf-dist/tex/generic/pgf/basiclayer/pgfcorepathconst
ruct.code.tex
File: pgfcorepathconstruct.code.tex 2020/12/27 v3.1.8b (3.1.8b)
\pgf@path@lastx=\dimen278
\pgf@path@lasty=\dimen279
)
(/usr/local/texlive/2021/texmf-dist/tex/generic/pgf/basiclayer/pgfcorepathusage
.code.tex
File: pgfcorepathusage.code.tex 2020/12/27 v3.1.8b (3.1.8b)
\pgf@shorten@end@additional=\dimen280
\pgf@shorten@start@additional=\dimen281
)
(/usr/local/texlive/2021/texmf-dist/tex/generic/pgf/basiclayer/pgfcorescopes.co
de.tex
File: pgfcorescopes.code.tex 2020/12/27 v3.1.8b (3.1.8b)
\pgfpic=\box74
\pgf@hbox=\box75
\pgf@layerbox@main=\box76
\pgf@picture@serial@count=\count324
)
(/usr/local/texlive/2021/texmf-dist/tex/generic/pgf/basiclayer/pgfcoregraphicst
ate.code.tex
File: pgfcoregraphicstate.code.tex 2020/12/27 v3.1.8b (3.1.8b)
\pgflinewidth=\dimen282
)
(/usr/local/texlive/2021/texmf-dist/tex/generic/pgf/basiclayer/pgfcoretransform
ations.code.tex
File: pgfcoretransformations.code.tex 2020/12/27 v3.1.8b (3.1.8b)
\pgf@pt@x=\dimen283
\pgf@pt@y=\dimen284
\pgf@pt@temp=\dimen285
)
(/usr/local/texlive/2021/texmf-dist/tex/generic/pgf/basiclayer/pgfcorequick.cod
e.tex
File: pgfcorequick.code.tex 2020/12/27 v3.1.8b (3.1.8b)
)
(/usr/local/texlive/2021/texmf-dist/tex/generic/pgf/basiclayer/pgfcoreobjects.c
ode.tex
File: pgfcoreobjects.code.tex 2020/12/27 v3.1.8b (3.1.8b)
)
(/usr/local/texlive/2021/texmf-dist/tex/generic/pgf/basiclayer/pgfcorepathproce
ssing.code.tex
File: pgfcorepathprocessing.code.tex 2020/12/27 v3.1.8b (3.1.8b)
)
(/usr/local/texlive/2021/texmf-dist/tex/generic/pgf/basiclayer/pgfcorearrows.co
de.tex
File: pgfcorearrows.code.tex 2020/12/27 v3.1.8b (3.1.8b)
\pgfarrowsep=\dimen286
)
(/usr/local/texlive/2021/texmf-dist/tex/generic/pgf/basiclayer/pgfcoreshade.cod
e.tex
File: pgfcoreshade.code.tex 2020/12/27 v3.1.8b (3.1.8b)
\pgf@max=\dimen287
\pgf@sys@shading@range@num=\count325
\pgf@shadingcount=\count326
)
(/usr/local/texlive/2021/texmf-dist/tex/generic/pgf/basiclayer/pgfcoreimage.cod
e.tex
File: pgfcoreimage.code.tex 2020/12/27 v3.1.8b (3.1.8b)

(/usr/local/texlive/2021/texmf-dist/tex/generic/pgf/basiclayer/pgfcoreexternal.
code.tex
File: pgfcoreexternal.code.tex 2020/12/27 v3.1.8b (3.1.8b)
\pgfexternal@startupbox=\box77
))
(/usr/local/texlive/2021/texmf-dist/tex/generic/pgf/basiclayer/pgfcorelayers.co
de.tex
File: pgfcorelayers.code.tex 2020/12/27 v3.1.8b (3.1.8b)
)
(/usr/local/texlive/2021/texmf-dist/tex/generic/pgf/basiclayer/pgfcoretranspare
ncy.code.tex
File: pgfcoretransparency.code.tex 2020/12/27 v3.1.8b (3.1.8b)
)
(/usr/local/texlive/2021/texmf-dist/tex/generic/pgf/basiclayer/pgfcorepatterns.
code.tex
File: pgfcorepatterns.code.tex 2020/12/27 v3.1.8b (3.1.8b)
)
(/usr/local/texlive/2021/texmf-dist/tex/generic/pgf/basiclayer/pgfcorerdf.code.
tex
File: pgfcorerdf.code.tex 2020/12/27 v3.1.8b (3.1.8b)
)))
(/usr/local/texlive/2021/texmf-dist/tex/generic/pgf/modules/pgfmoduleshapes.cod
e.tex
File: pgfmoduleshapes.code.tex 2020/12/27 v3.1.8b (3.1.8b)
\pgfnodeparttextbox=\box78
)
(/usr/local/texlive/2021/texmf-dist/tex/generic/pgf/modules/pgfmoduleplot.code.
tex
File: pgfmoduleplot.code.tex 2020/12/27 v3.1.8b (3.1.8b)
)
(/usr/local/texlive/2021/texmf-dist/tex/latex/pgf/compatibility/pgfcomp-version
-0-65.sty
Package: pgfcomp-version-0-65 2020/12/27 v3.1.8b (3.1.8b)
\pgf@nodesepstart=\dimen288
\pgf@nodesepend=\dimen289
)
(/usr/local/texlive/2021/texmf-dist/tex/latex/pgf/compatibility/pgfcomp-version
-1-18.sty
Package: pgfcomp-version-1-18 2020/12/27 v3.1.8b (3.1.8b)
)) (/usr/local/texlive/2021/texmf-dist/tex/latex/tools/verbatim.sty
Package: verbatim 2020-07-07 v1.5u LaTeX2e package for verbatim enhancements
\every@verbatim=\toks43
\verbatim@line=\toks44
\verbatim@in@stream=\read4
)
\tcb@titlebox=\box79
\tcb@upperbox=\box80
\tcb@lowerbox=\box81
\tcb@phantombox=\box82
\c@tcbbreakpart=\count327
\c@tcblayer=\count328
\c@tcolorbox@number=\count329
\tcb@temp=\box83
\tcb@temp=\box84
\tcb@temp=\box85
\tcb@temp=\box86
\tcb@out=\write5
\tcb@record@out=\write6
(/usr/local/texlive/2021/texmf-dist/tex/latex/tcolorbox/tcbskins.code.tex
Library (tcolorbox): 'tcbskins.code.tex' version '4.42'
(/usr/local/texlive/2021/texmf-dist/tex/latex/pgf/frontendlayer/tikz.sty (/usr/
local/texlive/2021/texmf-dist/tex/latex/pgf/utilities/pgffor.sty (/usr/local/te
xlive/2021/texmf-dist/tex/latex/pgf/utilities/pgfkeys.sty (/usr/local/texlive/2
021/texmf-dist/tex/generic/pgf/utilities/pgfkeys.code.tex)) (/usr/local/texlive
/2021/texmf-dist/tex/latex/pgf/math/pgfmath.sty (/usr/local/texlive/2021/texmf-
dist/tex/generic/pgf/math/pgfmath.code.tex)) (/usr/local/texlive/2021/texmf-dis
t/tex/generic/pgf/utilities/pgffor.code.tex
Package: pgffor 2020/12/27 v3.1.8b (3.1.8b)
(/usr/local/texlive/2021/texmf-dist/tex/generic/pgf/math/pgfmath.code.tex)
\pgffor@iter=\dimen290
\pgffor@skip=\dimen291
\pgffor@stack=\toks45
\pgffor@toks=\toks46
))
(/usr/local/texlive/2021/texmf-dist/tex/generic/pgf/frontendlayer/tikz/tikz.cod
e.tex
Package: tikz 2020/12/27 v3.1.8b (3.1.8b)

(/usr/local/texlive/2021/texmf-dist/tex/generic/pgf/libraries/pgflibraryplothan
dlers.code.tex
File: pgflibraryplothandlers.code.tex 2020/12/27 v3.1.8b (3.1.8b)
\pgf@plot@mark@count=\count330
\pgfplotmarksize=\dimen292
)
\tikz@lastx=\dimen293
\tikz@lasty=\dimen294
\tikz@lastxsaved=\dimen295
\tikz@lastysaved=\dimen296
\tikz@lastmovetox=\dimen297
\tikz@lastmovetoy=\dimen298
\tikzleveldistance=\dimen299
\tikzsiblingdistance=\dimen300
\tikz@figbox=\box87
\tikz@figbox@bg=\box88
\tikz@tempbox=\box89
\tikz@tempbox@bg=\box90
\tikztreelevel=\count331
\tikznumberofchildren=\count332
\tikznumberofcurrentchild=\count333
\tikz@fig@count=\count334

(/usr/local/texlive/2021/texmf-dist/tex/generic/pgf/modules/pgfmodulematrix.cod
e.tex
File: pgfmodulematrix.code.tex 2020/12/27 v3.1.8b (3.1.8b)
\pgfmatrixcurrentrow=\count335
\pgfmatrixcurrentcolumn=\count336
\pgf@matrix@numberofcolumns=\count337
)
\tikz@expandcount=\count338

(/usr/local/texlive/2021/texmf-dist/tex/generic/pgf/frontendlayer/tikz/librarie
s/tikzlibrarytopaths.code.tex
File: tikzlibrarytopaths.code.tex 2020/12/27 v3.1.8b (3.1.8b)
)))
\tcb@waterbox=\box91

(/usr/local/texlive/2021/texmf-dist/tex/latex/tcolorbox/tcbskinsjigsaw.code.tex
Library (tcolorbox): 'tcbskinsjigsaw.code.tex' version '4.42'
)) (/usr/local/texlive/2021/texmf-dist/tex/latex/tcolorbox/tcbbreakable.code.te
x
Library (tcolorbox): 'tcbbreakable.code.tex' version '4.42'
(/usr/local/texlive/2021/texmf-dist/tex/generic/oberdiek/pdfcol.sty
Package: pdfcol 2019/12/29 v1.6 Handle new color stacks for pdfTeX (HO)
(/usr/local/texlive/2021/texmf-dist/tex/generic/ltxcmds/ltxcmds.sty
Package: ltxcmds 2020-05-10 v1.25 LaTeX kernel commands for general use (HO)
) (/usr/local/texlive/2021/texmf-dist/tex/generic/infwarerr/infwarerr.sty
Package: infwarerr 2019/12/03 v1.5 Providing info/warning/error messages (HO)
)
Package pdfcol Info: Interface disabled because of missing PDF mode of pdfTeX.
)
Package pdfcol Info: pdfTeX's color stacks are not available.
\tcb@testbox=\box92
\tcb@totalupperbox=\box93
\tcb@totallowerbox=\box94
)) (/usr/local/texlive/2021/texmf-dist/tex/latex/fontawesome5/fontawesome5.sty
Package: fontawesome5 2020/03/24 v5.13.0 Font Awesome 5

(/usr/local/texlive/2021/texmf-dist/tex/latex/fontawesome5/fontawesome5-utex-he
lper.sty
Package: fontawesome5-utex-helper 2020/03/24 v5.13.0 uTeX helper for fontawesom
e5
LaTeX Font Info:    Trying to load font information for TU+fontawesomefree on i
nput line 69.

(/usr/local/texlive/2021/texmf-dist/tex/latex/fontawesome5/tufontawesomefree.fd
)
LaTeX Font Info:    Trying to load font information for TU+fontawesomebrands on
 input line 70.

(/usr/local/texlive/2021/texmf-dist/tex/latex/fontawesome5/tufontawesomebrands.
fd))) (/usr/local/texlive/2021/texmf-dist/tex/latex/bookmark/bookmark.sty
Package: bookmark 2020-11-06 v1.29 PDF bookmarks (HO)
(/usr/local/texlive/2021/texmf-dist/tex/latex/hyperref/hyperref.sty
Package: hyperref 2021-02-27 v7.00k Hypertext links for LaTeX
(/usr/local/texlive/2021/texmf-dist/tex/generic/pdftexcmds/pdftexcmds.sty
Package: pdftexcmds 2020-06-27 v0.33 Utility functions of pdfTeX for LuaTeX (HO
)
Package pdftexcmds Info: \pdf@primitive is available.
Package pdftexcmds Info: \pdf@ifprimitive is available.
Package pdftexcmds Info: \pdfdraftmode not found.
) (/usr/local/texlive/2021/texmf-dist/tex/generic/kvsetkeys/kvsetkeys.sty
Package: kvsetkeys 2019/12/15 v1.18 Key value parser (HO)
) (/usr/local/texlive/2021/texmf-dist/tex/generic/kvdefinekeys/kvdefinekeys.sty
Package: kvdefinekeys 2019-12-19 v1.6 Define keys (HO)
) (/usr/local/texlive/2021/texmf-dist/tex/generic/pdfescape/pdfescape.sty
Package: pdfescape 2019/12/09 v1.15 Implements pdfTeX's escape features (HO)
) (/usr/local/texlive/2021/texmf-dist/tex/latex/hycolor/hycolor.sty
Package: hycolor 2020-01-27 v1.10 Color options for hyperref/bookmark (HO)
) (/usr/local/texlive/2021/texmf-dist/tex/latex/letltxmacro/letltxmacro.sty
Package: letltxmacro 2019/12/03 v1.6 Let assignment for LaTeX macros (HO)
) (/usr/local/texlive/2021/texmf-dist/tex/latex/auxhook/auxhook.sty
Package: auxhook 2019-12-17 v1.6 Hooks for auxiliary files (HO)
) (/usr/local/texlive/2021/texmf-dist/tex/latex/kvoptions/kvoptions.sty
Package: kvoptions 2020-10-07 v3.14 Key value format for package options (HO)
)
\@linkdim=\dimen301
\Hy@linkcounter=\count339
\Hy@pagecounter=\count340
(/usr/local/texlive/2021/texmf-dist/tex/latex/hyperref/pd1enc.def
File: pd1enc.def 2021-02-27 v7.00k Hyperref: PDFDocEncoding definition (HO)
)
(/usr/local/texlive/2021/texmf-dist/tex/latex/hyperref/hyperref-langpatches.def
File: hyperref-langpatches.def 2021-02-27 v7.00k Hyperref: patches for babel la
nguages
) (/usr/local/texlive/2021/texmf-dist/tex/generic/intcalc/intcalc.sty
Package: intcalc 2019/12/15 v1.3 Expandable calculations with integers (HO)
) (/usr/local/texlive/2021/texmf-dist/tex/generic/etexcmds/etexcmds.sty
Package: etexcmds 2019/12/15 v1.7 Avoid name clashes with e-TeX commands (HO)
)
\Hy@SavedSpaceFactor=\count341
(/usr/local/texlive/2021/texmf-dist/tex/latex/hyperref/puenc.def
File: puenc.def 2021-02-27 v7.00k Hyperref: PDF Unicode definition (HO)
)
Package hyperref Info: Option `unicode' set `true' on input line 4073.
Package hyperref Info: Hyper figures OFF on input line 4192.
Package hyperref Info: Link nesting OFF on input line 4197.
Package hyperref Info: Hyper index ON on input line 4200.
Package hyperref Info: Plain pages OFF on input line 4207.
Package hyperref Info: Backreferencing OFF on input line 4212.
Package hyperref Info: Implicit mode ON; LaTeX internals redefined.
Package hyperref Info: Bookmarks ON on input line 4445.
\c@Hy@tempcnt=\count342
(/usr/local/texlive/2021/texmf-dist/tex/latex/url/url.sty
\Urlmuskip=\muskip18
Package: url 2013/09/16  ver 3.4  Verb mode for urls, etc.
)
LaTeX Info: Redefining \url on input line 4804.
\XeTeXLinkMargin=\dimen302
(/usr/local/texlive/2021/texmf-dist/tex/generic/bitset/bitset.sty
Package: bitset 2019/12/09 v1.3 Handle bit-vector datatype (HO)
(/usr/local/texlive/2021/texmf-dist/tex/generic/bigintcalc/bigintcalc.sty
Package: bigintcalc 2019/12/15 v1.5 Expandable calculations on big integers (HO
)
))
\Fld@menulength=\count343
\Field@Width=\dimen303
\Fld@charsize=\dimen304
Package hyperref Info: Hyper figures OFF on input line 6075.
Package hyperref Info: Link nesting OFF on input line 6080.
Package hyperref Info: Hyper index ON on input line 6083.
Package hyperref Info: backreferencing OFF on input line 6090.
Package hyperref Info: Link coloring OFF on input line 6095.
Package hyperref Info: Link coloring with OCG OFF on input line 6100.
Package hyperref Info: PDF/A mode OFF on input line 6105.
LaTeX Info: Redefining \ref on input line 6145.
LaTeX Info: Redefining \pageref on input line 6149.
\Hy@abspage=\count344
\c@Item=\count345
\c@Hfootnote=\count346
)
Package hyperref Info: Driver (autodetected): hxetex.
(/usr/local/texlive/2021/texmf-dist/tex/latex/hyperref/hxetex.def
File: hxetex.def 2021-02-27 v7.00k Hyperref driver for XeTeX
(/usr/local/texlive/2021/texmf-dist/tex/generic/stringenc/stringenc.sty
Package: stringenc 2019/11/29 v1.12 Convert strings between diff. encodings (HO
)
)
\pdfm@box=\box95
\c@Hy@AnnotLevel=\count347
\HyField@AnnotCount=\count348
\Fld@listcount=\count349
\c@bookmark@seq@number=\count350

(/usr/local/texlive/2021/texmf-dist/tex/latex/rerunfilecheck/rerunfilecheck.sty
Package: rerunfilecheck 2019/12/05 v1.9 Rerun checks for auxiliary files (HO)
(/usr/local/texlive/2021/texmf-dist/tex/latex/base/atveryend-ltx.sty
Package: atveryend-ltx 2020/08/19 v1.0a Emulation of the original atvery packag
e
with kernel methods
)
(/usr/local/texlive/2021/texmf-dist/tex/generic/uniquecounter/uniquecounter.sty
Package: uniquecounter 2019/12/15 v1.4 Provide unlimited unique counter (HO)
)
Package uniquecounter Info: New unique counter `rerunfilecheck' on input line 2
86.
)
\Hy@SectionHShift=\skip83
) (/usr/local/texlive/2021/texmf-dist/tex/latex/bookmark/bkm-dvipdfm.def
File: bkm-dvipdfm.def 2020-11-06 v1.29 bookmark driver for dvipdfm (HO)
\BKM@id=\count351
)) (/usr/local/texlive/2021/texmf-dist/tex/latex/caption/caption.sty
Package: caption 2020/10/26 v3.5g Customizing captions (AR)
(/usr/local/texlive/2021/texmf-dist/tex/latex/caption/caption3.sty
Package: caption3 2020/10/21 v2.2e caption3 kernel (AR)
\captionmargin=\dimen305
\captionmargin@=\dimen306
\captionwidth=\dimen307
\caption@tempdima=\dimen308
\caption@indent=\dimen309
\caption@parindent=\dimen310
\caption@hangindent=\dimen311
Package caption Info: KOMA-Script document class detected.
(/usr/local/texlive/2021/texmf-dist/tex/latex/caption/caption-koma.sto
File: caption-koma.sto 2020/09/21 v2.0b Adaption of the caption package to the 
KOMA-Script document classes (AR)
))
\c@caption@flags=\count352
\c@continuedfloat=\count353
Package caption Info: float package is loaded.
Package caption Info: hyperref package is loaded.
Package caption Info: longtable package is loaded.
(/usr/local/texlive/2021/texmf-dist/tex/latex/caption/ltcaption.sty
Package: ltcaption 2020/05/30 v1.4b longtable captions (AR)
)
Package caption Info: threeparttable package is loaded.
Package caption Info: wrapfig package is loaded.
)
\@float@every@codelisting=\toks47
\c@codelisting=\count354
(/usr/local/texlive/2021/texmf-dist/tex/latex/caption/subcaption.sty
Package: subcaption 2020/10/07 v1.3j Sub-captions (AR)
\c@subfigure=\count355
\c@subtable=\count356
) (/usr/local/texlive/2021/texmf-dist/tex/latex/xurl/xurl.sty
Package: xurl 2020/12/30 v 0.09a modify URL breaks
)
Package hyperref Info: Option `colorlinks' set `true' on input line 226.
No file index.aux.
\openout1 = `index.aux'.

LaTeX Font Info:    Checking defaults for OML/cmm/m/it on input line 233.
LaTeX Font Info:    ... okay on input line 233.
LaTeX Font Info:    Checking defaults for OMS/cmsy/m/n on input line 233.
LaTeX Font Info:    ... okay on input line 233.
LaTeX Font Info:    Checking defaults for OT1/cmr/m/n on input line 233.
LaTeX Font Info:    ... okay on input line 233.
LaTeX Font Info:    Checking defaults for T1/cmr/m/n on input line 233.
LaTeX Font Info:    ... okay on input line 233.
LaTeX Font Info:    Checking defaults for TS1/cmr/m/n on input line 233.
LaTeX Font Info:    ... okay on input line 233.
LaTeX Font Info:    Checking defaults for TU/lmr/m/n on input line 233.
LaTeX Font Info:    ... okay on input line 233.
LaTeX Font Info:    Checking defaults for OMX/cmex/m/n on input line 233.
LaTeX Font Info:    ... okay on input line 233.
LaTeX Font Info:    Checking defaults for U/cmr/m/n on input line 233.
LaTeX Font Info:    ... okay on input line 233.
LaTeX Font Info:    Checking defaults for PD1/pdf/m/n on input line 233.
LaTeX Font Info:    ... okay on input line 233.
LaTeX Font Info:    Checking defaults for PU/pdf/m/n on input line 233.
LaTeX Font Info:    ... okay on input line 233.
Package scrbase Info: activating english \contentsname on input line 233.
Package scrbase Info: activating english \listfigurename on input line 233.
Package scrbase Info: activating english \listtablename on input line 233.
LaTeX Font Info:    Overwriting math alphabet `\mathrm' in version `normal'
(Font)                  OT1/lmr/m/n --> TU/lmr/m/n on input line 233.
LaTeX Font Info:    Overwriting math alphabet `\mathit' in version `normal'
(Font)                  OT1/lmr/m/it --> TU/lmr/m/it on input line 233.
LaTeX Font Info:    Overwriting math alphabet `\mathbf' in version `normal'
(Font)                  OT1/lmr/bx/n --> TU/lmr/bx/n on input line 233.
LaTeX Font Info:    Overwriting math alphabet `\mathsf' in version `normal'
(Font)                  OT1/lmss/m/n --> TU/lmss/m/n on input line 233.
LaTeX Font Info:    Overwriting math alphabet `\mathsf' in version `bold'
(Font)                  OT1/lmss/bx/n --> TU/lmss/bx/n on input line 233.
LaTeX Font Info:    Overwriting math alphabet `\mathtt' in version `normal'
(Font)                  OT1/lmtt/m/n --> TU/lmtt/m/n on input line 233.
LaTeX Font Info:    Overwriting math alphabet `\mathtt' in version `bold'
(Font)                  OT1/lmtt/m/n --> TU/lmtt/bx/n on input line 233.

Package fontspec Info: latinmodern-math scale = 0.9999967668407183.


Package fontspec Info: latinmodern-math scale = 0.9999967668407183.


Package fontspec Info: latinmodern-math scale = 0.9999967668407183.


Package fontspec Info: Font family 'latinmodern-math.otf(0)' created for font
(fontspec)             'latinmodern-math.otf' with options
(fontspec)             [Scale=MatchLowercase,BoldItalicFont={},ItalicFont={},Sm
allCapsFont={},Script=Math,BoldFont={latinmodern-math.otf}].
(fontspec)              
(fontspec)              This font family consists of the following NFSS
(fontspec)             series/shapes:
(fontspec)              
(fontspec)             - 'normal' (m/n) with NFSS spec.:
(fontspec)             <->s*[0.9999967668407183]"[latinmodern-math.otf]/OT:scri
pt=math;language=dflt;"
(fontspec)             - 'small caps'  (m/sc) with NFSS spec.: 
(fontspec)             - 'bold' (b/n) with NFSS spec.:
(fontspec)             <->s*[0.9999967668407183]"[latinmodern-math.otf]/OT:scri
pt=math;language=dflt;"
(fontspec)             - 'bold small caps'  (b/sc) with NFSS spec.: 

LaTeX Font Info:    Font shape `TU/latinmodern-math.otf(0)/m/n' will be
(Font)              scaled to size 10.95pt on input line 233.

Package fontspec Info: latinmodern-math scale = 0.9999967668407183.


Package fontspec Info: latinmodern-math scale = 0.9999967668407183.


Package fontspec Info: latinmodern-math scale = 0.9999967668407183.


Package fontspec Info: latinmodern-math scale = 0.9999967668407183.


Package fontspec Info: latinmodern-math scale = 0.9999967668407183.


Package fontspec Info: Font family 'latinmodern-math.otf(1)' created for font
(fontspec)             'latinmodern-math.otf' with options
(fontspec)             [Scale=MatchLowercase,BoldItalicFont={},ItalicFont={},Sm
allCapsFont={},Script=Math,SizeFeatures={{Size=9.3075-},{Size=6.57-9.3075,Font=
latinmodern-math.otf,Style=MathScript},{Size=-6.57,Font=latinmodern-math.otf,St
yle=MathScriptScript}},BoldFont={latinmodern-math.otf}].
(fontspec)              
(fontspec)              This font family consists of the following NFSS
(fontspec)             series/shapes:
(fontspec)              
(fontspec)             - 'normal' (m/n) with NFSS spec.:
(fontspec)             <9.3075->s*[0.9999967668407183]"[latinmodern-math.otf]/O
T:script=math;language=dflt;"<6.57-9.3075>s*[0.9999967668407183]"[latinmodern-m
ath.otf]/OT:script=math;language=dflt;+ssty=0;"<-6.57>s*[0.9999967668407183]"[l
atinmodern-math.otf]/OT:script=math;language=dflt;+ssty=1;"
(fontspec)             - 'small caps'  (m/sc) with NFSS spec.: 
(fontspec)             - 'bold' (b/n) with NFSS spec.:
(fontspec)             <->s*[0.9999967668407183]"[latinmodern-math.otf]/OT:scri
pt=math;language=dflt;"
(fontspec)             - 'bold small caps'  (b/sc) with NFSS spec.: 

LaTeX Font Info:    Font shape `TU/latinmodern-math.otf(1)/m/n' will be
(Font)              scaled to size 10.95pt on input line 233.
LaTeX Font Info:    Encoding `OT1' has changed to `TU' for symbol font
(Font)              `operators' in the math version `normal' on input line 233.

LaTeX Font Info:    Overwriting symbol font `operators' in version `normal'
(Font)                  OT1/lmr/m/n --> TU/latinmodern-math.otf(1)/m/n on input
 line 233.
LaTeX Font Info:    Encoding `OT1' has changed to `TU' for symbol font
(Font)              `operators' in the math version `bold' on input line 233.
LaTeX Font Info:    Overwriting symbol font `operators' in version `bold'
(Font)                  OT1/lmr/bx/n --> TU/latinmodern-math.otf(1)/b/n on inpu
t line 233.

Package fontspec Info: latinmodern-math scale = 0.9999967668407183.


Package fontspec Info: latinmodern-math scale = 1.000096766517402.


Package fontspec Info: latinmodern-math scale = 0.9999967668407183.


Package fontspec Info: latinmodern-math scale = 1.000096766517402.


Package fontspec Info: latinmodern-math scale = 0.9999967668407183.


Package fontspec Info: latinmodern-math scale = 1.000096766517402.


Package fontspec Info: latinmodern-math scale = 0.9999967668407183.


Package fontspec Info: latinmodern-math scale = 1.000096766517402.


Package fontspec Info: latinmodern-math scale = 0.9999967668407183.


Package fontspec Info: latinmodern-math scale = 1.000096766517402.


Package fontspec Info: Font family 'latinmodern-math.otf(2)' created for font
(fontspec)             'latinmodern-math.otf' with options
(fontspec)             [Scale=MatchLowercase,BoldItalicFont={},ItalicFont={},Sm
allCapsFont={},Script=Math,SizeFeatures={{Size=9.3075-},{Size=6.57-9.3075,Font=
latinmodern-math.otf,Style=MathScript},{Size=-6.57,Font=latinmodern-math.otf,St
yle=MathScriptScript}},BoldFont={latinmodern-math.otf},ScaleAgain=1.0001,FontAd
justment={\fontdimen
(fontspec)             8\font =7.41315pt\relax \fontdimen 9\font
(fontspec)             =4.3143pt\relax \fontdimen 10\font =4.8618pt\relax
(fontspec)             \fontdimen 11\font =7.5117pt\relax \fontdimen 12\font
(fontspec)             =3.77776pt\relax \fontdimen 13\font =3.97485pt\relax
(fontspec)             \fontdimen 14\font =3.97485pt\relax \fontdimen 15\font
(fontspec)             =3.16455pt\relax \fontdimen 16\font =2.70465pt\relax
(fontspec)             \fontdimen 17\font =2.70465pt\relax \fontdimen 18\font
(fontspec)             =2.7375pt\relax \fontdimen 19\font =2.19pt\relax
(fontspec)             \fontdimen 22\font =2.7375pt\relax \fontdimen 20\font
(fontspec)             =0pt\relax \fontdimen 21\font =0pt\relax }].
(fontspec)              
(fontspec)              This font family consists of the following NFSS
(fontspec)             series/shapes:
(fontspec)              
(fontspec)             - 'normal' (m/n) with NFSS spec.:
(fontspec)             <9.3075->s*[1.000096766517402]"[latinmodern-math.otf]/OT
:script=math;language=dflt;"<6.57-9.3075>s*[1.000096766517402]"[latinmodern-mat
h.otf]/OT:script=math;language=dflt;+ssty=0;"<-6.57>s*[1.000096766517402]"[lati
nmodern-math.otf]/OT:script=math;language=dflt;+ssty=1;"
(fontspec)             - 'small caps'  (m/sc) with NFSS spec.: 
(fontspec)             and font adjustment code:
(fontspec)             \fontdimen 8\font =7.41315pt\relax \fontdimen 9\font
(fontspec)             =4.3143pt\relax \fontdimen 10\font =4.8618pt\relax
(fontspec)             \fontdimen 11\font =7.5117pt\relax \fontdimen 12\font
(fontspec)             =3.77776pt\relax \fontdimen 13\font =3.97485pt\relax
(fontspec)             \fontdimen 14\font =3.97485pt\relax \fontdimen 15\font
(fontspec)             =3.16455pt\relax \fontdimen 16\font =2.70465pt\relax
(fontspec)             \fontdimen 17\font =2.70465pt\relax \fontdimen 18\font
(fontspec)             =2.7375pt\relax \fontdimen 19\font =2.19pt\relax
(fontspec)             \fontdimen 22\font =2.7375pt\relax \fontdimen 20\font
(fontspec)             =0pt\relax \fontdimen 21\font =0pt\relax 
(fontspec)             - 'bold' (b/n) with NFSS spec.:
(fontspec)             <->s*[1.000096766517402]"[latinmodern-math.otf]/OT:scrip
t=math;language=dflt;"
(fontspec)             - 'bold small caps'  (b/sc) with NFSS spec.: 
(fontspec)             and font adjustment code:
(fontspec)             \fontdimen 8\font =7.41315pt\relax \fontdimen 9\font
(fontspec)             =4.3143pt\relax \fontdimen 10\font =4.8618pt\relax
(fontspec)             \fontdimen 11\font =7.5117pt\relax \fontdimen 12\font
(fontspec)             =3.77776pt\relax \fontdimen 13\font =3.97485pt\relax
(fontspec)             \fontdimen 14\font =3.97485pt\relax \fontdimen 15\font
(fontspec)             =3.16455pt\relax \fontdimen 16\font =2.70465pt\relax
(fontspec)             \fontdimen 17\font =2.70465pt\relax \fontdimen 18\font
(fontspec)             =2.7375pt\relax \fontdimen 19\font =2.19pt\relax
(fontspec)             \fontdimen 22\font =2.7375pt\relax \fontdimen 20\font
(fontspec)             =0pt\relax \fontdimen 21\font =0pt\relax 

LaTeX Font Info:    Encoding `OMS' has changed to `TU' for symbol font
(Font)              `symbols' in the math version `normal' on input line 233.
LaTeX Font Info:    Overwriting symbol font `symbols' in version `normal'
(Font)                  OMS/lmsy/m/n --> TU/latinmodern-math.otf(2)/m/n on inpu
t line 233.
LaTeX Font Info:    Encoding `OMS' has changed to `TU' for symbol font
(Font)              `symbols' in the math version `bold' on input line 233.
LaTeX Font Info:    Overwriting symbol font `symbols' in version `bold'
(Font)                  OMS/lmsy/b/n --> TU/latinmodern-math.otf(2)/b/n on inpu
t line 233.

Package fontspec Info: latinmodern-math scale = 0.9999967668407183.


Package fontspec Info: latinmodern-math scale = 0.9998967671640342.


Package fontspec Info: latinmodern-math scale = 0.9999967668407183.


Package fontspec Info: latinmodern-math scale = 0.9998967671640342.


Package fontspec Info: latinmodern-math scale = 0.9999967668407183.


Package fontspec Info: latinmodern-math scale = 0.9998967671640342.


Package fontspec Info: latinmodern-math scale = 0.9999967668407183.


Package fontspec Info: latinmodern-math scale = 0.9998967671640342.


Package fontspec Info: latinmodern-math scale = 0.9999967668407183.


Package fontspec Info: latinmodern-math scale = 0.9998967671640342.


Package fontspec Info: Font family 'latinmodern-math.otf(3)' created for font
(fontspec)             'latinmodern-math.otf' with options
(fontspec)             [Scale=MatchLowercase,BoldItalicFont={},ItalicFont={},Sm
allCapsFont={},Script=Math,SizeFeatures={{Size=9.3075-},{Size=6.57-9.3075,Font=
latinmodern-math.otf,Style=MathScript},{Size=-6.57,Font=latinmodern-math.otf,St
yle=MathScriptScript}},BoldFont={latinmodern-math.otf},ScaleAgain=0.9999,FontAd
justment={\fontdimen
(fontspec)             8\font =0.438pt\relax \fontdimen 9\font =2.19pt\relax
(fontspec)             \fontdimen 10\font =1.82864pt\relax \fontdimen 11\font
(fontspec)             =1.21545pt\relax \fontdimen 12\font =6.56999pt\relax
(fontspec)             \fontdimen 13\font =0pt\relax }].
(fontspec)              
(fontspec)              This font family consists of the following NFSS
(fontspec)             series/shapes:
(fontspec)              
(fontspec)             - 'normal' (m/n) with NFSS spec.:
(fontspec)             <9.3075->s*[0.9998967671640342]"[latinmodern-math.otf]/O
T:script=math;language=dflt;"<6.57-9.3075>s*[0.9998967671640342]"[latinmodern-m
ath.otf]/OT:script=math;language=dflt;+ssty=0;"<-6.57>s*[0.9998967671640342]"[l
atinmodern-math.otf]/OT:script=math;language=dflt;+ssty=1;"
(fontspec)             - 'small caps'  (m/sc) with NFSS spec.: 
(fontspec)             and font adjustment code:
(fontspec)             \fontdimen 8\font =0.438pt\relax \fontdimen 9\font
(fontspec)             =2.19pt\relax \fontdimen 10\font =1.82864pt\relax
(fontspec)             \fontdimen 11\font =1.21545pt\relax \fontdimen 12\font
(fontspec)             =6.56999pt\relax \fontdimen 13\font =0pt\relax 
(fontspec)             - 'bold' (b/n) with NFSS spec.:
(fontspec)             <->s*[0.9998967671640342]"[latinmodern-math.otf]/OT:scri
pt=math;language=dflt;"
(fontspec)             - 'bold small caps'  (b/sc) with NFSS spec.: 
(fontspec)             and font adjustment code:
(fontspec)             \fontdimen 8\font =0.438pt\relax \fontdimen 9\font
(fontspec)             =2.19pt\relax \fontdimen 10\font =1.82864pt\relax
(fontspec)             \fontdimen 11\font =1.21545pt\relax \fontdimen 12\font
(fontspec)             =6.56999pt\relax \fontdimen 13\font =0pt\relax 

LaTeX Font Info:    Encoding `OMX' has changed to `TU' for symbol font
(Font)              `largesymbols' in the math version `normal' on input line 2
33.
LaTeX Font Info:    Overwriting symbol font `largesymbols' in version `normal'
(Font)                  OMX/lmex/m/n --> TU/latinmodern-math.otf(3)/m/n on inpu
t line 233.
LaTeX Font Info:    Encoding `OMX' has changed to `TU' for symbol font
(Font)              `largesymbols' in the math version `bold' on input line 233
.
LaTeX Font Info:    Overwriting symbol font `largesymbols' in version `bold'
(Font)                  OMX/lmex/m/n --> TU/latinmodern-math.otf(3)/b/n on inpu
t line 233.
LaTeX Info: Redefining \microtypecontext on input line 233.
Package microtype Info: Character protrusion enabled (level 2).
Package microtype Info: Using protrusion set `basicmath'.
Package microtype Info: No adjustment of tracking.
Package microtype Info: No adjustment of spacing.
Package microtype Info: No adjustment of kerning.

(/usr/local/texlive/2021/texmf-dist/tex/latex/microtype/mt-LatinModernRoman.cfg
File: mt-LatinModernRoman.cfg 2021/02/21 v1.1 microtype config. file: Latin Mod
ern Roman (RS)
)
Package hyperref Info: Link coloring ON on input line 233.
(/usr/local/texlive/2021/texmf-dist/tex/latex/hyperref/nameref.sty
Package: nameref 2021-04-02 v2.47 Cross-referencing by name of section
(/usr/local/texlive/2021/texmf-dist/tex/latex/refcount/refcount.sty
Package: refcount 2019/12/15 v3.6 Data extraction from label references (HO)
)
(/usr/local/texlive/2021/texmf-dist/tex/generic/gettitlestring/gettitlestring.s
ty
Package: gettitlestring 2019/12/15 v1.6 Cleanup title references (HO)
)
\c@section@level=\count357
)
LaTeX Info: Redefining \ref on input line 233.
LaTeX Info: Redefining \pageref on input line 233.
LaTeX Info: Redefining \nameref on input line 233.

Package hyperref Warning: Rerun to get /PageLabels entry.

Package caption Info: Begin \AtBeginDocument code.
Package caption Info: End \AtBeginDocument code.
Package microtype Info: Loading generic protrusion settings for font family
(microtype)             `lmss' (encoding: TU).
(microtype)             For optimal results, create family-specific settings.
(microtype)             See the microtype manual for details.
LaTeX Font Info:    Font shape `TU/latinmodern-math.otf(1)/m/n' will be
(Font)              scaled to size 14.4pt on input line 235.
LaTeX Font Info:    Font shape `TU/latinmodern-math.otf(1)/m/n' will be
(Font)              scaled to size 10.0pt on input line 235.
LaTeX Font Info:    Font shape `TU/latinmodern-math.otf(1)/m/n' will be
(Font)              scaled to size 7.0pt on input line 235.
LaTeX Font Info:    Trying to load font information for OML+lmm on input line 2
35.
(/usr/local/texlive/2021/texmf-dist/tex/latex/lm/omllmm.fd
File: omllmm.fd 2015/05/01 v1.6.1 Font defs for Latin Modern
)
LaTeX Font Info:    Font shape `TU/latinmodern-math.otf(2)/m/n' will be
(Font)              scaled to size 14.4013pt on input line 235.
LaTeX Font Info:    Font shape `TU/latinmodern-math.otf(2)/m/n' will be
(Font)              scaled to size 10.00092pt on input line 235.
LaTeX Font Info:    Font shape `TU/latinmodern-math.otf(2)/m/n' will be
(Font)              scaled to size 7.00064pt on input line 235.
LaTeX Font Info:    Font shape `TU/latinmodern-math.otf(3)/m/n' will be
(Font)              scaled to size 14.39845pt on input line 235.
LaTeX Font Info:    Font shape `TU/latinmodern-math.otf(3)/m/n' will be
(Font)              scaled to size 9.99893pt on input line 235.
LaTeX Font Info:    Font shape `TU/latinmodern-math.otf(3)/m/n' will be
(Font)              scaled to size 6.99925pt on input line 235.
LaTeX Font Info:    Trying to load font information for U+msa on input line 235
.
(/usr/local/texlive/2021/texmf-dist/tex/latex/amsfonts/umsa.fd
File: umsa.fd 2013/01/14 v3.01 AMS symbols A
) (/usr/local/texlive/2021/texmf-dist/tex/latex/microtype/mt-msa.cfg
File: mt-msa.cfg 2006/02/04 v1.1 microtype config. file: AMS symbols (a) (RS)
)
LaTeX Font Info:    Trying to load font information for U+msb on input line 235
.
(/usr/local/texlive/2021/texmf-dist/tex/latex/amsfonts/umsb.fd
File: umsb.fd 2013/01/14 v3.01 AMS symbols B
) (/usr/local/texlive/2021/texmf-dist/tex/latex/microtype/mt-msb.cfg
File: mt-msb.cfg 2005/06/01 v1.0 microtype config. file: AMS symbols (b) (RS)
) [1



]
Package tocbasic Info: character protrusion at toc deactivated on input line 24
0.
\tf@toc=\write7
\openout7 = `index.toc'.

[2

] [3

] [4] [5] [6

] [7]
File: ./images/WIDS-1.jpg Graphic file (type bmp)
<./images/WIDS-1.jpg>
File: ./images/WIDS-2.jpg Graphic file (type bmp)
<./images/WIDS-2.jpg>
[8

]
File: ./images/WIDS-3.jpg Graphic file (type bmp)
<./images/WIDS-3.jpg>
File: ./images/WIDS-4.jpg Graphic file (type bmp)
<./images/WIDS-4.jpg>
[9]
File: ./images/WIDS-5.jpg Graphic file (type bmp)
<./images/WIDS-5.jpg>
File: ./images/WIDS-6.jpg Graphic file (type bmp)
<./images/WIDS-6.jpg>
[10]
File: ./images/WIDS-7.jpg Graphic file (type bmp)
<./images/WIDS-7.jpg>
File: ./images/WIDS-8.jpg Graphic file (type bmp)
<./images/WIDS-8.jpg>
[11]
File: ./images/WIDS-9.jpg Graphic file (type bmp)
<./images/WIDS-9.jpg>
File: ./images/WIDS-10.jpg Graphic file (type bmp)
<./images/WIDS-10.jpg>
[12]
File: ./images/WIDS-12.jpg Graphic file (type bmp)
<./images/WIDS-12.jpg>
File: ./images/WIDS-13.jpg Graphic file (type bmp)
<./images/WIDS-13.jpg>
[13]
File: ./images/WIT_2.jpg Graphic file (type bmp)
<./images/WIT_2.jpg>

Overfull \hbox (10.97626pt too wide) in paragraph at lines 815--816
[][] 
 []

File: ./images/WIT_1.jpg Graphic file (type bmp)
<./images/WIT_1.jpg>

Overfull \hbox (10.97626pt too wide) in paragraph at lines 822--823
[][] 
 []

[14

] [15] [16] [17]
Overfull \hbox (13.13986pt too wide) in paragraph at lines 985--985
[]\TU/lmtt/m/n/10.95 -- Attaching core tidyverse packages ---------------------
--- tidyverse 2.0.0 --[] 
 []

[18]
Overfull \hbox (13.13986pt too wide) in paragraph at lines 991--991
[]\TU/lmtt/m/n/10.95 -- Conflicts ------------------------------------------ ti
dyverse_conflicts() --[] 
 []


Overfull \hbox (133.86359pt too wide) in paragraph at lines 994--994
[]\TU/lmtt/m/n/10.95 i Use the conflicted package (<http://conflicted.r-lib.org
/>) to force all conflicts to become errors[] 
 []

[19]
Missing character: There is no  (U+03BC) in font [lmroman10-regular]:mapping=t
ex-text;!
Missing character: There is no  (U+03C3) in font [lmroman10-regular]:mapping=t
ex-text;!
[20

]
File: ./images/SL_1.jpg Graphic file (type bmp)
<./images/SL_1.jpg>
Missing character: There is no  (U+03BC) in font [lmroman10-regular]:mapping=t
ex-text;!
Missing character: There is no  (U+03BC) in font [lmroman10-regular]:mapping=t
ex-text;!
[21] [22] [23]
File: ./images/SL_2.jpg Graphic file (type bmp)
<./images/SL_2.jpg>
[24] [25

]
File: Qualitative_and_Quantitative_Variables_files/figure-pdf/unnamed-chunk-2-1
.pdf Graphic file (type pdf)
<use Qualitative_and_Quantitative_Variables_files/figure-pdf/unnamed-chunk-2-1.
pdf>
[26] [27] [28] [29]
File: Qualitative_and_Quantitative_Variables_files/figure-pdf/unnamed-chunk-4-1
.pdf Graphic file (type pdf)
<use Qualitative_and_Quantitative_Variables_files/figure-pdf/unnamed-chunk-4-1.
pdf>
[30] [31] [32] [33] [34] [35

] [36] [37] [38] [39] [40] [41] [42] [43]
Missing character: There is no  (U+2500) in font [lmroman10-regular]:mapping=t
ex-text;!
Missing character: There is no  (U+2500) in font [lmroman10-regular]:mapping=t
ex-text;!
Missing character: There is no  (U+2500) in font [lmroman10-regular]:mapping=t
ex-text;!
Missing character: There is no  (U+2500) in font [lmroman10-regular]:mapping=t
ex-text;!
Missing character: There is no  (U+2500) in font [lmroman10-regular]:mapping=t
ex-text;!
Missing character: There is no  (U+2500) in font [lmroman10-regular]:mapping=t
ex-text;!
Missing character: There is no  (U+2500) in font [lmroman10-regular]:mapping=t
ex-text;!
Missing character: There is no  (U+2500) in font [lmroman10-regular]:mapping=t
ex-text;!
Missing character: There is no  (U+2500) in font [lmroman10-regular]:mapping=t
ex-text;!
Missing character: There is no  (U+2500) in font [lmroman10-regular]:mapping=t
ex-text;!
Missing character: There is no  (U+2500) in font [lmroman10-regular]:mapping=t
ex-text;!
Missing character: There is no  (U+2500) in font [lmroman10-regular]:mapping=t
ex-text;!
Missing character: There is no  (U+2500) in font [lmroman10-regular]:mapping=t
ex-text;!
Missing character: There is no  (U+2500) in font [lmroman10-regular]:mapping=t
ex-text;!
Missing character: There is no  (U+2500) in font [lmroman10-regular]:mapping=t
ex-text;!
Missing character: There is no  (U+2500) in font [lmroman10-regular]:mapping=t
ex-text;!
Missing character: There is no  (U+2500) in font [lmroman10-regular]:mapping=t
ex-text;!
Missing character: There is no  (U+2500) in font [lmroman10-regular]:mapping=t
ex-text;!
Missing character: There is no  (U+2500) in font [lmroman10-regular]:mapping=t
ex-text;!
Missing character: There is no  (U+2500) in font [lmroman10-regular]:mapping=t
ex-text;!
Missing character: There is no  (U+2500) in font [lmroman10-regular]:mapping=t
ex-text;!
Missing character: There is no  (U+2500) in font [lmroman10-regular]:mapping=t
ex-text;!
Missing character: There is no  (U+2500) in font [lmroman10-regular]:mapping=t
ex-text;!
Missing character: There is no  (U+2500) in font [lmroman10-regular]:mapping=t
ex-text;!
Missing character: There is no  (U+2500) in font [lmroman10-regular]:mapping=t
ex-text;!
Missing character: There is no  (U+2500) in font [lmroman10-regular]:mapping=t
ex-text;!
Missing character: There is no  (U+2714) in font [lmroman10-regular]:mapping=t
ex-text;!
Missing character: There is no  (U+2714) in font [lmroman10-regular]:mapping=t
ex-text;!
[44]
Missing character: There is no  (U+2714) in font [lmroman10-regular]:mapping=t
ex-text;!
Missing character: There is no  (U+2714) in font [lmroman10-regular]:mapping=t
ex-text;!
Missing character: There is no  (U+2714) in font [lmroman10-regular]:mapping=t
ex-text;!
Missing character: There is no  (U+2714) in font [lmroman10-regular]:mapping=t
ex-text;!
Missing character: There is no  (U+2714) in font [lmroman10-regular]:mapping=t
ex-text;!
Missing character: There is no  (U+2714) in font [lmroman10-regular]:mapping=t
ex-text;!
Missing character: There is no  (U+2714) in font [lmroman10-regular]:mapping=t
ex-text;!

Underfull \hbox (badness 10000) in paragraph at lines 2433--2434

 []

[45] [46] [47] [48] [49] [50] [51] [52] [53] [54] [55]
File: ./images/Daily-6-Pic-1.jpg Graphic file (type bmp)
<./images/Daily-6-Pic-1.jpg>
[56

]
Overfull \hbox (13.13986pt too wide) in paragraph at lines 3287--3287
[]  []\TU/lmtt/m/n/10.95 Customer ID[] Gender []Marital Status[] []Annual Incom
e[] City  []Product Category[][] 
 []


Overfull \hbox (13.13986pt too wide) in paragraph at lines 3293--3293
[]\TU/lmtt/m/n/10.95 5          1900 F      S                $130K - $150K   Be
ve~ Carbonated Bevera~[] 
 []

[57] [58] [59]
Overfull \hbox (1.64236pt too wide) in paragraph at lines 3456--3456
[]        \TU/lmtt/m/n/10.95 BC    CA    DF Guerrero Jalisco    OR Veracruz    
WA Yucatan Zacatecas[] 
 []


Overfull \hbox (1.64236pt too wide) in paragraph at lines 3458--3458
[]\TU/lmtt/m/n/10.95 M F  0.014 0.045 0.013    0.005   0.001 0.036    0.010 0.0
83   0.014     0.034[] 
 []


Overfull \hbox (1.64236pt too wide) in paragraph at lines 3459--3459
[]  \TU/lmtt/m/n/10.95 M  0.014 0.049 0.015    0.007   0.000 0.037    0.008 0.0
83   0.009     0.011[] 
 []


Overfull \hbox (1.64236pt too wide) in paragraph at lines 3460--3460
[]\TU/lmtt/m/n/10.95 S F  0.013 0.049 0.012    0.008   0.002 0.043    0.009 0.0
81   0.012     0.025[] 
 []


Overfull \hbox (1.64236pt too wide) in paragraph at lines 3461--3461
[]  \TU/lmtt/m/n/10.95 M  0.017 0.051 0.017    0.007   0.002 0.045    0.006 0.0
79   0.011     0.022[] 
 []

File: ./images/Daily-6-Pic-2.jpg Graphic file (type bmp)
<./images/Daily-6-Pic-2.jpg>
[60] [61] [62] [63]
Overfull \vbox (0.39015pt too high) detected at line 3837
 []

[64

]
Overfull \hbox (1.64236pt too wide) in paragraph at lines 3845--3845
[]\TU/lmtt/m/n/10.95 # i 11 more variables: Homeowner <chr>, Children <dbl>, []
Annual Income[] <chr>,[] 
 []

File: Barplots_And_Histograms_files/figure-pdf/unnamed-chunk-3-1.pdf Graphic fi
le (type pdf)
<use Barplots_And_Histograms_files/figure-pdf/unnamed-chunk-3-1.pdf>
[65]
File: Barplots_And_Histograms_files/figure-pdf/unnamed-chunk-4-1.pdf Graphic fi
le (type pdf)
<use Barplots_And_Histograms_files/figure-pdf/unnamed-chunk-4-1.pdf>
[66]
File: Barplots_And_Histograms_files/figure-pdf/unnamed-chunk-5-1.pdf Graphic fi
le (type pdf)
<use Barplots_And_Histograms_files/figure-pdf/unnamed-chunk-5-1.pdf>
[67]
File: Barplots_And_Histograms_files/figure-pdf/unnamed-chunk-6-1.pdf Graphic fi
le (type pdf)
<use Barplots_And_Histograms_files/figure-pdf/unnamed-chunk-6-1.pdf>
[68]
File: Barplots_And_Histograms_files/figure-pdf/unnamed-chunk-7-1.pdf Graphic fi
le (type pdf)
<use Barplots_And_Histograms_files/figure-pdf/unnamed-chunk-7-1.pdf>
[69]
File: Barplots_And_Histograms_files/figure-pdf/unnamed-chunk-8-1.pdf Graphic fi
le (type pdf)
<use Barplots_And_Histograms_files/figure-pdf/unnamed-chunk-8-1.pdf>
[70]
File: Barplots_And_Histograms_files/figure-pdf/unnamed-chunk-9-1.pdf Graphic fi
le (type pdf)
<use Barplots_And_Histograms_files/figure-pdf/unnamed-chunk-9-1.pdf>
[71]
File: Barplots_And_Histograms_files/figure-pdf/unnamed-chunk-10-1.pdf Graphic f
ile (type pdf)
<use Barplots_And_Histograms_files/figure-pdf/unnamed-chunk-10-1.pdf>
[72]
File: Barplots_And_Histograms_files/figure-pdf/unnamed-chunk-11-1.pdf Graphic f
ile (type pdf)
<use Barplots_And_Histograms_files/figure-pdf/unnamed-chunk-11-1.pdf>
[73]
File: Barplots_And_Histograms_files/figure-pdf/unnamed-chunk-12-1.pdf Graphic f
ile (type pdf)
<use Barplots_And_Histograms_files/figure-pdf/unnamed-chunk-12-1.pdf>
[74]
File: Barplots_And_Histograms_files/figure-pdf/unnamed-chunk-13-1.pdf Graphic f
ile (type pdf)
<use Barplots_And_Histograms_files/figure-pdf/unnamed-chunk-13-1.pdf>
[75]
File: Barplots_And_Histograms_files/figure-pdf/unnamed-chunk-14-1.pdf Graphic f
ile (type pdf)
<use Barplots_And_Histograms_files/figure-pdf/unnamed-chunk-14-1.pdf>
[76]
File: Barplots_And_Histograms_files/figure-pdf/unnamed-chunk-15-1.pdf Graphic f
ile (type pdf)
<use Barplots_And_Histograms_files/figure-pdf/unnamed-chunk-15-1.pdf>
[77] [78]
File: Barplots_And_Histograms_files/figure-pdf/unnamed-chunk-16-1.pdf Graphic f
ile (type pdf)
<use Barplots_And_Histograms_files/figure-pdf/unnamed-chunk-16-1.pdf>
[79]

Package longtable Warning: Column widths have changed
(longtable)                in table 0.1 on input line 4276.


Package longtable Warning: Column widths have changed
(longtable)                in table 0.2 on input line 4301.

[80]

Package longtable Warning: Column widths have changed
(longtable)                in table 0.3 on input line 4329.

[81] [82] [83] [84] [85] [86

]
File: Line_Graphs_and_Pie_Charts_files/figure-pdf/unnamed-chunk-1-1.pdf Graphic
 file (type pdf)
<use Line_Graphs_and_Pie_Charts_files/figure-pdf/unnamed-chunk-1-1.pdf>
[87] [88]
File: Line_Graphs_and_Pie_Charts_files/figure-pdf/unnamed-chunk-2-1.pdf Graphic
 file (type pdf)
<use Line_Graphs_and_Pie_Charts_files/figure-pdf/unnamed-chunk-2-1.pdf>
[89]
File: Line_Graphs_and_Pie_Charts_files/figure-pdf/unnamed-chunk-3-1.pdf Graphic
 file (type pdf)
<use Line_Graphs_and_Pie_Charts_files/figure-pdf/unnamed-chunk-3-1.pdf>
[90]
File: Line_Graphs_and_Pie_Charts_files/figure-pdf/unnamed-chunk-4-1.pdf Graphic
 file (type pdf)
<use Line_Graphs_and_Pie_Charts_files/figure-pdf/unnamed-chunk-4-1.pdf>
[91]
File: Line_Graphs_and_Pie_Charts_files/figure-pdf/unnamed-chunk-5-1.pdf Graphic
 file (type pdf)
<use Line_Graphs_and_Pie_Charts_files/figure-pdf/unnamed-chunk-5-1.pdf>
File: Line_Graphs_and_Pie_Charts_files/figure-pdf/unnamed-chunk-6-1.pdf Graphic
 file (type pdf)
<use Line_Graphs_and_Pie_Charts_files/figure-pdf/unnamed-chunk-6-1.pdf>
[92] [93]
File: Line_Graphs_and_Pie_Charts_files/figure-pdf/unnamed-chunk-7-1.pdf Graphic
 file (type pdf)
<use Line_Graphs_and_Pie_Charts_files/figure-pdf/unnamed-chunk-7-1.pdf>
[94] [95]
File: Line_Graphs_and_Pie_Charts_files/figure-pdf/unnamed-chunk-9-1.pdf Graphic
 file (type pdf)
<use Line_Graphs_and_Pie_Charts_files/figure-pdf/unnamed-chunk-9-1.pdf>
[96]
File: Line_Graphs_and_Pie_Charts_files/figure-pdf/unnamed-chunk-10-1.pdf Graphi
c file (type pdf)
<use Line_Graphs_and_Pie_Charts_files/figure-pdf/unnamed-chunk-10-1.pdf>
[97]
File: Line_Graphs_and_Pie_Charts_files/figure-pdf/unnamed-chunk-11-1.pdf Graphi
c file (type pdf)
<use Line_Graphs_and_Pie_Charts_files/figure-pdf/unnamed-chunk-11-1.pdf>
[98]
File: Line_Graphs_and_Pie_Charts_files/figure-pdf/unnamed-chunk-12-1.pdf Graphi
c file (type pdf)
<use Line_Graphs_and_Pie_Charts_files/figure-pdf/unnamed-chunk-12-1.pdf>
[99]
File: Line_Graphs_and_Pie_Charts_files/figure-pdf/unnamed-chunk-13-1.pdf Graphi
c file (type pdf)
<use Line_Graphs_and_Pie_Charts_files/figure-pdf/unnamed-chunk-13-1.pdf>
[100] [101]
File: Line_Graphs_and_Pie_Charts_files/figure-pdf/unnamed-chunk-14-1.pdf Graphi
c file (type pdf)
<use Line_Graphs_and_Pie_Charts_files/figure-pdf/unnamed-chunk-14-1.pdf>
[102]
File: Line_Graphs_and_Pie_Charts_files/figure-pdf/unnamed-chunk-15-1.pdf Graphi
c file (type pdf)
<use Line_Graphs_and_Pie_Charts_files/figure-pdf/unnamed-chunk-15-1.pdf>
[103]
File: Line_Graphs_and_Pie_Charts_files/figure-pdf/unnamed-chunk-16-1.pdf Graphi
c file (type pdf)
<use Line_Graphs_and_Pie_Charts_files/figure-pdf/unnamed-chunk-16-1.pdf>
[104]
File: Line_Graphs_and_Pie_Charts_files/figure-pdf/unnamed-chunk-17-1.pdf Graphi
c file (type pdf)
<use Line_Graphs_and_Pie_Charts_files/figure-pdf/unnamed-chunk-17-1.pdf>
LaTeX Font Info:    Font shape `TU/lmtt/bx/n' in size <12> not available
(Font)              Font shape `TU/lmtt/b/n' tried instead on input line 5324.
[105]
File: Line_Graphs_and_Pie_Charts_files/figure-pdf/unnamed-chunk-18-1.pdf Graphi
c file (type pdf)
<use Line_Graphs_and_Pie_Charts_files/figure-pdf/unnamed-chunk-18-1.pdf>
[106]
Overfull \hbox (1.64236pt too wide) in paragraph at lines 5392--5392
[]\TU/lmtt/m/n/10.95 Don[]t know how to automatically pick scale for object of 
type <ts>. Defaulting[] 
 []

File: Line_Graphs_and_Pie_Charts_files/figure-pdf/unnamed-chunk-19-1.pdf Graphi
c file (type pdf)
<use Line_Graphs_and_Pie_Charts_files/figure-pdf/unnamed-chunk-19-1.pdf>
[107]
Overfull \hbox (1.64236pt too wide) in paragraph at lines 5435--5435
[]\TU/lmtt/m/n/10.95 Don[]t know how to automatically pick scale for object of 
type <ts>. Defaulting[] 
 []

File: Line_Graphs_and_Pie_Charts_files/figure-pdf/unnamed-chunk-20-1.pdf Graphi
c file (type pdf)
<use Line_Graphs_and_Pie_Charts_files/figure-pdf/unnamed-chunk-20-1.pdf>
[108]
File: Line_Graphs_and_Pie_Charts_files/figure-pdf/unnamed-chunk-21-1.pdf Graphi
c file (type pdf)
<use Line_Graphs_and_Pie_Charts_files/figure-pdf/unnamed-chunk-21-1.pdf>
[109]
Overfull \hbox (1.64236pt too wide) in paragraph at lines 5509--5509
[]\TU/lmtt/m/n/10.95 Don[]t know how to automatically pick scale for object of 
type <ts>. Defaulting[] 
 []

File: Line_Graphs_and_Pie_Charts_files/figure-pdf/unnamed-chunk-22-1.pdf Graphi
c file (type pdf)
<use Line_Graphs_and_Pie_Charts_files/figure-pdf/unnamed-chunk-22-1.pdf>
[110] [111]
File: Line_Graphs_and_Pie_Charts_files/figure-pdf/unnamed-chunk-23-1.pdf Graphi
c file (type pdf)
<use Line_Graphs_and_Pie_Charts_files/figure-pdf/unnamed-chunk-23-1.pdf>
[112]
File: Line_Graphs_and_Pie_Charts_files/figure-pdf/unnamed-chunk-24-1.pdf Graphi
c file (type pdf)
<use Line_Graphs_and_Pie_Charts_files/figure-pdf/unnamed-chunk-24-1.pdf>
[113]
File: Line_Graphs_and_Pie_Charts_files/figure-pdf/unnamed-chunk-25-1.pdf Graphi
c file (type pdf)
<use Line_Graphs_and_Pie_Charts_files/figure-pdf/unnamed-chunk-25-1.pdf>
[114]
File: Line_Graphs_and_Pie_Charts_files/figure-pdf/unnamed-chunk-26-1.pdf Graphi
c file (type pdf)
<use Line_Graphs_and_Pie_Charts_files/figure-pdf/unnamed-chunk-26-1.pdf>
[115] [116]
File: Line_Graphs_and_Pie_Charts_files/figure-pdf/unnamed-chunk-27-1.pdf Graphi
c file (type pdf)
<use Line_Graphs_and_Pie_Charts_files/figure-pdf/unnamed-chunk-27-1.pdf>
[117] [118

] [119] [120]
LaTeX Font Info:    Font shape `TU/latinmodern-math.otf(1)/m/n' will be
(Font)              scaled to size 7.665pt on input line 5973.
LaTeX Font Info:    Font shape `TU/latinmodern-math.otf(1)/m/n' will be
(Font)              scaled to size 5.475pt on input line 5973.
LaTeX Font Info:    Font shape `TU/latinmodern-math.otf(2)/m/n' will be
(Font)              scaled to size 10.95099pt on input line 5973.
LaTeX Font Info:    Font shape `TU/latinmodern-math.otf(2)/m/n' will be
(Font)              scaled to size 7.66568pt on input line 5973.
LaTeX Font Info:    Font shape `TU/latinmodern-math.otf(2)/m/n' will be
(Font)              scaled to size 5.4755pt on input line 5973.
LaTeX Font Info:    Font shape `TU/latinmodern-math.otf(3)/m/n' will be
(Font)              scaled to size 10.94882pt on input line 5973.
LaTeX Font Info:    Font shape `TU/latinmodern-math.otf(3)/m/n' will be
(Font)              scaled to size 7.66417pt on input line 5973.
LaTeX Font Info:    Font shape `TU/latinmodern-math.otf(3)/m/n' will be
(Font)              scaled to size 5.47441pt on input line 5973.
[121] [122] [123] [124] [125] [126] [127]
File: ./images/Daily-2-Pic-1.jpg Graphic file (type bmp)
<./images/Daily-2-Pic-1.jpg>
[128

]
File: ./images/Daily-2-Pic-2.jpg Graphic file (type bmp)
<./images/Daily-2-Pic-2.jpg>

Overfull \hbox (13.13986pt too wide) in paragraph at lines 6466--6466
[]\TU/lmtt/m/n/10.95 -- Attaching core tidyverse packages ---------------------
--- tidyverse 2.0.0 --[] 
 []


Overfull \hbox (13.13986pt too wide) in paragraph at lines 6472--6472
[]\TU/lmtt/m/n/10.95 -- Conflicts ------------------------------------------ ti
dyverse_conflicts() --[] 
 []


Overfull \hbox (133.86359pt too wide) in paragraph at lines 6475--6475
[]\TU/lmtt/m/n/10.95 i Use the conflicted package (<http://conflicted.r-lib.org
/>) to force all conflicts to become errors[] 
 []

[129]
File: Beginning_Data_Visualization_files/figure-pdf/Example1-1.pdf Graphic file
 (type pdf)
<use Beginning_Data_Visualization_files/figure-pdf/Example1-1.pdf>
[130]
File: ./images/Daily-2-Pic-3.jpg Graphic file (type bmp)
<./images/Daily-2-Pic-3.jpg>
[131]
File: ./images/Daily-2-Pic-4.jpg Graphic file (type bmp)
<./images/Daily-2-Pic-4.jpg>
File: Beginning_Data_Visualization_files/figure-pdf/Example-1.pdf Graphic file 
(type pdf)
<use Beginning_Data_Visualization_files/figure-pdf/Example-1.pdf>
[132]
File: Beginning_Data_Visualization_files/figure-pdf/Example2-1.pdf Graphic file
 (type pdf)
<use Beginning_Data_Visualization_files/figure-pdf/Example2-1.pdf>
File: Beginning_Data_Visualization_files/figure-pdf/Example 3-1.pdf Graphic fil
e (type pdf)
<use Beginning_Data_Visualization_files/figure-pdf/Example 3-1.pdf>
[133]
Overfull \hbox (36.13486pt too wide) in paragraph at lines 6634--6634
[]\TU/lmtt/m/n/10.95 Warning: The shape palette can deal with a maximum of 6 di
screte values because more[] 
 []


Overfull \hbox (1.64236pt too wide) in paragraph at lines 6636--6636
[]\TU/lmtt/m/n/10.95 i you have requested 7 values. Consider specifying shapes 
manually if you need[] 
 []


Overfull \hbox (36.13486pt too wide) in paragraph at lines 6641--6641
[]\TU/lmtt/m/n/10.95 Warning: Removed 62 rows containing missing values or valu
es outside the scale range[] 
 []

File: Beginning_Data_Visualization_files/figure-pdf/Example 3-2.pdf Graphic fil
e (type pdf)
<use Beginning_Data_Visualization_files/figure-pdf/Example 3-2.pdf>
[134]
File: Beginning_Data_Visualization_files/figure-pdf/Example 4-1.pdf Graphic fil
e (type pdf)
<use Beginning_Data_Visualization_files/figure-pdf/Example 4-1.pdf>
[135]
File: ./images/Daily-2-Pic-5.jpg Graphic file (type bmp)
<./images/Daily-2-Pic-5.jpg>
[136]
File: Beginning_Data_Visualization_files/figure-pdf/Example 6-1.pdf Graphic fil
e (type pdf)
<use Beginning_Data_Visualization_files/figure-pdf/Example 6-1.pdf>
[137]
File: Beginning_Data_Visualization_files/figure-pdf/Example 7-1.pdf Graphic fil
e (type pdf)
<use Beginning_Data_Visualization_files/figure-pdf/Example 7-1.pdf>
[138] [139] [140]
File: Beginning_Data_Visualization_files/figure-pdf/Ex6-1.pdf Graphic file (typ
e pdf)
<use Beginning_Data_Visualization_files/figure-pdf/Ex6-1.pdf>
[141]
File: Beginning_Data_Visualization_files/figure-pdf/Ex13-1.pdf Graphic file (ty
pe pdf)
<use Beginning_Data_Visualization_files/figure-pdf/Ex13-1.pdf>
[142]
File: Beginning_Data_Visualization_files/figure-pdf/Ex 14-1.pdf Graphic file (t
ype pdf)
<use Beginning_Data_Visualization_files/figure-pdf/Ex 14-1.pdf>
[143]
File: Beginning_Data_Visualization_files/figure-pdf/Ex 14-2.pdf Graphic file (t
ype pdf)
<use Beginning_Data_Visualization_files/figure-pdf/Ex 14-2.pdf>
[144]
File: Beginning_Data_Visualization_files/figure-pdf/Ex15-1.pdf Graphic file (ty
pe pdf)
<use Beginning_Data_Visualization_files/figure-pdf/Ex15-1.pdf>
[145] [146]
File: ./images/Read-In-Data-1.jpg Graphic file (type bmp)
<./images/Read-In-Data-1.jpg>
[147

]
File: ./images/Read-In-Data-6.jpg Graphic file (type bmp)
<./images/Read-In-Data-6.jpg>
File: ./images/Read-In-Data-3.jpg Graphic file (type bmp)
<./images/Read-In-Data-3.jpg>
File: ./images/Read-In-Data-4.jpg Graphic file (type bmp)
<./images/Read-In-Data-4.jpg>
[148]
File: ./images/Read-In-Data-7.jpg Graphic file (type bmp)
<./images/Read-In-Data-7.jpg>
File: ./images/Read-In-Data-8.jpg Graphic file (type bmp)
<./images/Read-In-Data-8.jpg>
[149]
File: ./images/Read-In-Data-9.jpg Graphic file (type bmp)
<./images/Read-In-Data-9.jpg>
File: ./images/Read-In-Data-10.jpg Graphic file (type bmp)
<./images/Read-In-Data-10.jpg>
[150]
Overfull \hbox (13.13986pt too wide) in paragraph at lines 7164--7164
[]\TU/lmtt/m/n/10.95 -- Column specification ----------------------------------
----------------------[] 
 []


Overfull \hbox (18.88861pt too wide) in paragraph at lines 7170--7170
[]\TU/lmtt/m/n/10.95 i Specify the column types or set []show_col_types = FALSE
[] to quiet this message.[] 
 []


Overfull \hbox (1.64236pt too wide) in paragraph at lines 7196--7196
[]  \TU/lmtt/m/n/10.95 Name              []Batting Average[] []Home Runs[] []Ru
ns Scored[] []Stolen Bases[][] 
 []


Overfull \hbox (1.64236pt too wide) in paragraph at lines 7197--7197
[]  \TU/lmtt/m/n/10.95 <chr>                         <dbl>       <dbl>         
<dbl>          <dbl>[] 
 []


Overfull \hbox (1.64236pt too wide) in paragraph at lines 7198--7198
[]\TU/lmtt/m/n/10.95 1 Elly De La Cruz               0.259          25         
  105             67[] 
 []


Overfull \hbox (1.64236pt too wide) in paragraph at lines 7199--7199
[]\TU/lmtt/m/n/10.95 2 Spencer Steer                 0.225          20         
   74             25[] 
 []


Overfull \hbox (1.64236pt too wide) in paragraph at lines 7200--7200
[]\TU/lmtt/m/n/10.95 3 Jonathan India                0.248          15         
   84             13[] 
 []


Overfull \hbox (1.64236pt too wide) in paragraph at lines 7201--7201
[]\TU/lmtt/m/n/10.95 4 Tyler Stephenson              0.258          19         
   69              1[] 
 []


Overfull \hbox (1.64236pt too wide) in paragraph at lines 7202--7202
[]\TU/lmtt/m/n/10.95 5 Jeimer Candelario             0.225          20         
   47              4[] 
 []


Overfull \hbox (1.64236pt too wide) in paragraph at lines 7203--7203
[]\TU/lmtt/m/n/10.95 6 Santiago Espinal              0.246           9         
   32             11[] 
 []

[151]
Overfull \hbox (7.39111pt too wide) in paragraph at lines 7227--7227
[] \TU/lmtt/m/n/10.95 [1] 67 25 13  1  4 11 20 16  9  9 13  1  1  2  0  0  3  2
  2  2  0  0  0  5  0[] 
 []


Overfull \hbox (7.39111pt too wide) in paragraph at lines 7258--7258
[]                                    \TU/lmtt/m/n/10.95 Variable_name     Vari
able_category   Value[] 
 []


Overfull \hbox (7.39111pt too wide) in paragraph at lines 7259--7259
[]\TU/lmtt/m/n/10.95 1                                    Total income Financia
l performance 733,258[] 
 []


Overfull \hbox (7.39111pt too wide) in paragraph at lines 7260--7260
[]\TU/lmtt/m/n/10.95 2 Sales, government funding, grants and subsidies Financia
l performance 660,630[] 
 []


Overfull \hbox (208.5973pt too wide) in paragraph at lines 7261--7261
[]                                                                             
               \TU/lmtt/m/n/10.95 Industry_code_ANZSIC06[] 
 []


Overfull \hbox (208.59732pt too wide) in paragraph at lines 7262--7262
[]\TU/lmtt/m/n/10.95 1 ANZSIC06 divisions A-S (excluding classes K6330, L6711, 
O7552, O760, O771, O772, S9540, S9601, S9602, and S9603)[] 
 []


Overfull \hbox (208.59732pt too wide) in paragraph at lines 7263--7263
[]\TU/lmtt/m/n/10.95 2 ANZSIC06 divisions A-S (excluding classes K6330, L6711, 
O7552, O760, O771, O772, S9540, S9601, S9602, and S9603)[] 
 []


Overfull \hbox (13.13986pt too wide) in paragraph at lines 7275--7275
[]\TU/lmtt/m/n/10.95 -- Column specification ----------------------------------
----------------------[] 
 []


Overfull \hbox (7.3911pt too wide) in paragraph at lines 7277--7277
[]\TU/lmtt/m/n/10.95 chr (9): Industry_aggregation_NZSIOC, Industry_code_NZSIOC
, Industry_name_NZ...[] 
 []

[152]
Overfull \hbox (18.88861pt too wide) in paragraph at lines 7281--7281
[]\TU/lmtt/m/n/10.95 i Specify the column types or set []show_col_types = FALSE
[] to quiet this message.[] 
 []


Overfull \hbox (13.13986pt too wide) in paragraph at lines 7292--7292
[]   \TU/lmtt/m/n/10.95 Year Industry_aggregation_N~1 Industry_code_NZSIOC Indu
stry_name_NZSIOC Units[] 
 []


Overfull \hbox (13.13986pt too wide) in paragraph at lines 7293--7293
[]  \TU/lmtt/m/n/10.95 <dbl> <chr>                    <chr>                <chr
>                <chr>[] 
 []


Overfull \hbox (13.13986pt too wide) in paragraph at lines 7294--7294
[]\TU/lmtt/m/n/10.95 1  2020 Level 1                  99999                All 
industries       Doll~[] 
 []


Overfull \hbox (13.13986pt too wide) in paragraph at lines 7295--7295
[]\TU/lmtt/m/n/10.95 2  2020 Level 1                  99999                All 
industries       Doll~[] 
 []

[153] [154] [155] [156]
File: ./images/Vector-1.jpg Graphic file (type bmp)
<./images/Vector-1.jpg>
[157

] [158] [159]
Overfull \hbox (13.13986pt too wide) in paragraph at lines 7814--7814
[] \TU/lmtt/m/n/10.95 [1]  NA 100  NA  90  NA  80  NA  70  NA  60  NA  50  NA  
40  NA  30  NA  20  NA[] 
 []

[160]
File: ./images/Vector-2.jpg Graphic file (type bmp)
<./images/Vector-2.jpg>
[161] [162] [163] [164]
Overfull \hbox (13.13986pt too wide) in paragraph at lines 8107--8107
[]\TU/lmtt/m/n/10.95 -- Attaching core tidyverse packages ---------------------
--- tidyverse 2.0.0 --[] 
 []


Overfull \hbox (13.13986pt too wide) in paragraph at lines 8113--8113
[]\TU/lmtt/m/n/10.95 -- Conflicts ------------------------------------------ ti
dyverse_conflicts() --[] 
 []


Overfull \hbox (133.86359pt too wide) in paragraph at lines 8116--8116
[]\TU/lmtt/m/n/10.95 i Use the conflicted package (<http://conflicted.r-lib.org
/>) to force all conflicts to become errors[] 
 []

[165] [166] [167]
Overfull \hbox (23.40009pt too wide) in paragraph at lines 8244--8246
\TU/lmr/m/n/10.95 Note : Many of the graphics and descriptions may be found her
e : https://www.r4epi.com/measures-
 []

File: ./images/Daily-4-Pic-1.jpg Graphic file (type bmp)
<./images/Daily-4-Pic-1.jpg>
File: ./images/Daily-4-Pic-2.jpg Graphic file (type bmp)
<./images/Daily-4-Pic-2.jpg>
[168

]
File: ./images/Daily-4-Pic-8.jpg Graphic file (type bmp)
<./images/Daily-4-Pic-8.jpg>
File: ./images/Daily-4-Pic-9.jpg Graphic file (type bmp)
<./images/Daily-4-Pic-9.jpg>
[169]
File: ./images/Daily-4-Pic-4.jpg Graphic file (type bmp)
<./images/Daily-4-Pic-4.jpg>
[170]
File: ./images/Daily-4-Pic-5.jpg Graphic file (type bmp)
<./images/Daily-4-Pic-5.jpg>
File: ./images/Daily-4-Pic-6.jpg Graphic file (type bmp)
<./images/Daily-4-Pic-6.jpg>
[171]
File: ./images/Daily-4-Pic-7.jpg Graphic file (type bmp)
<./images/Daily-4-Pic-7.jpg>
[172] [173]
File: ./images/Daily-4-Pic-10.jpg Graphic file (type bmp)
<./images/Daily-4-Pic-10.jpg>
[174] [175] [176] [177] [178] [179] [180]
Overfull \hbox (39.75937pt too wide) in paragraph at lines 8961--8967
\TU/lmtt/m/n/10.95 will first use the\TU/lmr/m/n/10.95 replace( ) function to 
add some missing values to our \TU/lmr/bx/n/10.95 height_and_weight_20
 []

[181] [182] [183] [184] [185] [186] [187] [188] [189] [190] [191

] [192]
File: Measures_of_Variability_files/figure-pdf/unnamed-chunk-4-1.pdf Graphic fi
le (type pdf)
<use Measures_of_Variability_files/figure-pdf/unnamed-chunk-4-1.pdf>
[193] [194] [195] [196] [197]
File: ./images/MOV-1.jpg Graphic file (type bmp)
<./images/MOV-1.jpg>

Overfull \hbox (10.96385pt too wide) in paragraph at lines 10082--10083
[][] 
 []

[198]
File: ./images/MOV-2.jpg Graphic file (type bmp)
<./images/MOV-2.jpg>
[199] [200]
Overfull \hbox (7.39111pt too wide) in paragraph at lines 10240--10240
[] \TU/lmtt/m/n/10.95 [1]   10   15   19   27   30   35   40   45   50   55   6
0   65   70   75   80[] 
 []

[201] [202]
File: Measures_of_Variability_files/figure-pdf/unnamed-chunk-13-1.pdf Graphic f
ile (type pdf)
<use Measures_of_Variability_files/figure-pdf/unnamed-chunk-13-1.pdf>
[203]
File: Measures_of_Variability_files/figure-pdf/unnamed-chunk-14-1.pdf Graphic f
ile (type pdf)
<use Measures_of_Variability_files/figure-pdf/unnamed-chunk-14-1.pdf>
[204] [205] [206]
Overfull \hbox (1.64236pt too wide) in paragraph at lines 10565--10565
[]\TU/lmtt/m/n/10.95 Don[]t know how to automatically pick scale for object of 
type <ts>. Defaulting[] 
 []

File: Measures_of_Variability_files/figure-pdf/unnamed-chunk-17-1.pdf Graphic f
ile (type pdf)
<use Measures_of_Variability_files/figure-pdf/unnamed-chunk-17-1.pdf>
[207] [208]
File: Measures_of_Variability_files/figure-pdf/unnamed-chunk-19-1.pdf Graphic f
ile (type pdf)
<use Measures_of_Variability_files/figure-pdf/unnamed-chunk-19-1.pdf>
[209] [210] [211] [212]
File: Measures_of_Variability_files/figure-pdf/unnamed-chunk-23-1.pdf Graphic f
ile (type pdf)
<use Measures_of_Variability_files/figure-pdf/unnamed-chunk-23-1.pdf>
[213] [214]
File: ./images/ABT_1.jpg Graphic file (type bmp)
<./images/ABT_1.jpg>
[215

]
File: Advanced_Boxplot_Techniques_files/figure-pdf/unnamed-chunk-1-1.png Graphi
c file (type bmp)
<Advanced_Boxplot_Techniques_files/figure-pdf/unnamed-chunk-1-1.png>
[216]
File: Advanced_Boxplot_Techniques_files/figure-pdf/unnamed-chunk-2-1.png Graphi
c file (type bmp)
<Advanced_Boxplot_Techniques_files/figure-pdf/unnamed-chunk-2-1.png>
[217]
File: Advanced_Boxplot_Techniques_files/figure-pdf/boxplot_jitter-1.png Graphic
 file (type bmp)
<Advanced_Boxplot_Techniques_files/figure-pdf/boxplot_jitter-1.png>
File: Advanced_Boxplot_Techniques_files/figure-pdf/boxplot_color-1.png Graphic 
file (type bmp)
<Advanced_Boxplot_Techniques_files/figure-pdf/boxplot_color-1.png>
[218]
File: Advanced_Boxplot_Techniques_files/figure-pdf/jitter_color-1.png Graphic f
ile (type bmp)
<Advanced_Boxplot_Techniques_files/figure-pdf/jitter_color-1.png>
[219]
File: Advanced_Boxplot_Techniques_files/figure-pdf/unnamed-chunk-3-1.png Graphi
c file (type bmp)
<Advanced_Boxplot_Techniques_files/figure-pdf/unnamed-chunk-3-1.png>
[220]
File: Advanced_Boxplot_Techniques_files/figure-pdf/boxplot_labels-1.png Graphic
 file (type bmp)
<Advanced_Boxplot_Techniques_files/figure-pdf/boxplot_labels-1.png>
[221]
File: Advanced_Boxplot_Techniques_files/figure-pdf/unnamed-chunk-4-1.png Graphi
c file (type bmp)
<Advanced_Boxplot_Techniques_files/figure-pdf/unnamed-chunk-4-1.png>
[222]
File: Advanced_Boxplot_Techniques_files/figure-pdf/boxplot_values-1.png Graphic
 file (type bmp)
<Advanced_Boxplot_Techniques_files/figure-pdf/boxplot_values-1.png>
[223]
File: Advanced_Boxplot_Techniques_files/figure-pdf/unnamed-chunk-5-1.png Graphi
c file (type bmp)
<Advanced_Boxplot_Techniques_files/figure-pdf/unnamed-chunk-5-1.png>
[224]
File: Advanced_Boxplot_Techniques_files/figure-pdf/unnamed-chunk-6-1.png Graphi
c file (type bmp)
<Advanced_Boxplot_Techniques_files/figure-pdf/unnamed-chunk-6-1.png>
File: Advanced_Boxplot_Techniques_files/figure-pdf/unnamed-chunk-7-1.png Graphi
c file (type bmp)
<Advanced_Boxplot_Techniques_files/figure-pdf/unnamed-chunk-7-1.png>
[225]
File: Advanced_Boxplot_Techniques_files/figure-pdf/unnamed-chunk-8-1.png Graphi
c file (type bmp)
<Advanced_Boxplot_Techniques_files/figure-pdf/unnamed-chunk-8-1.png>

Overfull \hbox (13.13986pt too wide) in paragraph at lines 11493--11493
[]\TU/lmtt/m/n/10.95 -- Column specification ----------------------------------
----------------------[] 
 []

[226]
Overfull \hbox (18.88861pt too wide) in paragraph at lines 11500--11500
[]\TU/lmtt/m/n/10.95 i Specify the column types or set []show_col_types = FALSE
[] to quiet this message.[] 
 []


Overfull \hbox (13.13983pt too wide) in paragraph at lines 11517--11517
[]  \TU/lmtt/m/n/10.95 County          Value_Percent Families_Below_Poverty Ran
k_within_US_of_3143 ~1[] 
 []


Overfull \hbox (13.13986pt too wide) in paragraph at lines 11518--11518
[]  \TU/lmtt/m/n/10.95 <chr>                   <dbl>                  <dbl>    
                 <dbl>[] 
 []


Overfull \hbox (13.13986pt too wide) in paragraph at lines 11519--11519
[]\TU/lmtt/m/n/10.95 1 Knox County              29.6                   2204    
                  3126[] 
 []


Overfull \hbox (13.13986pt too wide) in paragraph at lines 11520--11520
[]\TU/lmtt/m/n/10.95 2 Wolfe County             29.2                    465    
                  3124[] 
 []


Overfull \hbox (13.13986pt too wide) in paragraph at lines 11521--11521
[]\TU/lmtt/m/n/10.95 3 McCreary County          26.5                    917    
                  3111[] 
 []


Overfull \hbox (13.13986pt too wide) in paragraph at lines 11522--11522
[]\TU/lmtt/m/n/10.95 4 Clay County              26.1                   1342    
                  3109[] 
 []


Overfull \hbox (13.13986pt too wide) in paragraph at lines 11523--11523
[]\TU/lmtt/m/n/10.95 5 Magoffin County          25                      746    
                  3098[] 
 []


Overfull \hbox (13.13986pt too wide) in paragraph at lines 11524--11524
[]\TU/lmtt/m/n/10.95 6 Harlan County            24.9                   1775    
                  3097[] 
 []


Overfull \hbox (13.13983pt too wide) in paragraph at lines 11536--11536
[]  \TU/lmtt/m/n/10.95 County          Value_Percent Families_Below_Poverty Ran
k_within_US_of_3143 ~1[] 
 []


Overfull \hbox (13.13986pt too wide) in paragraph at lines 11537--11537
[]  \TU/lmtt/m/n/10.95 <chr>                   <dbl>                  <dbl>    
                 <dbl>[] 
 []


Overfull \hbox (13.13986pt too wide) in paragraph at lines 11538--11538
[]\TU/lmtt/m/n/10.95 1 Nelson County             5.9                    750    
                   611[] 
 []


Overfull \hbox (13.13986pt too wide) in paragraph at lines 11539--11539
[]\TU/lmtt/m/n/10.95 2 Woodford County           5.7                    429    
                   560[] 
 []


Overfull \hbox (13.13986pt too wide) in paragraph at lines 11540--11540
[]\TU/lmtt/m/n/10.95 3 Shelby County             5.1                    652    
                   408[] 
 []


Overfull \hbox (13.13986pt too wide) in paragraph at lines 11541--11541
[]\TU/lmtt/m/n/10.95 4 Spencer County            3.8                    214    
                   178[] 
 []


Overfull \hbox (13.13986pt too wide) in paragraph at lines 11542--11542
[]\TU/lmtt/m/n/10.95 5 Boone County              3.1                   1096    
                    93[] 
 []


Overfull \hbox (13.13986pt too wide) in paragraph at lines 11543--11543
[]\TU/lmtt/m/n/10.95 6 Oldham County       